TN:
SF:src/lib/inbox/useClarifyChat.ts
FN:42,cloneReactAnnotations
FN:44,(anonymous_1)
FN:48,cloneClarifyImages
FN:50,(anonymous_3)
FN:84,useClarifyChat
FN:111,(anonymous_5)
FN:115,(anonymous_6)
FN:117,(anonymous_7)
FN:132,(anonymous_8)
FN:141,(anonymous_9)
FN:144,humanMatchesSeed
FN:151,(anonymous_11)
FN:158,prependSeedHuman
FN:162,(anonymous_13)
FN:178,(anonymous_14)
FN:183,(anonymous_15)
FN:184,(anonymous_16)
FN:194,(anonymous_17)
FN:202,(anonymous_18)
FN:223,(anonymous_19)
FN:224,(anonymous_20)
FN:229,(anonymous_21)
FN:232,isNearBottom
FN:236,onScrollerScroll
FN:247,scrollBottom
FN:264,enterStickSequence
FN:268,(anonymous_26)
FN:273,onUnreadFabClick
FN:282,autoGrow
FN:292,onTextInput
FN:296,(anonymous_30)
FN:309,(anonymous_31)
FN:311,textHasChoicePrefix
FN:315,stripChoicePrefix
FN:321,isChoiceReply
FN:326,latestQuestionTurnIndex
FN:334,hasHumanReplyAfter
FN:341,(anonymous_37)
FN:343,(anonymous_38)
FN:350,answerTranscript
FN:357,(anonymous_40)
FN:362,(anonymous_41)
FN:365,(anonymous_42)
FN:379,imagePreviewLabel
FN:391,hasComposerDraft
FN:395,truncateQueueText
FN:400,showQueueToast
FN:403,(anonymous_47)
FN:408,syncQueueThinking
FN:412,cancelQueuedItem
FN:421,reorderQueuedItems
FN:434,(anonymous_51)
FN:434,(anonymous_52)
FN:440,editQueuedItem
FN:453,(anonymous_54)
FN:478,(anonymous_55)
FN:482,openImagePreview
FN:488,turnsSemanticKey
FN:497,(anonymous_58)
FN:498,(anonymous_59)
FN:523,(anonymous_60)
FN:524,(anonymous_61)
FN:542,(anonymous_62)
FN:543,(anonymous_63)
FN:549,(anonymous_64)
FN:555,(anonymous_65)
FN:556,(anonymous_66)
FN:567,(anonymous_67)
FN:568,(anonymous_68)
FN:575,addFiles
FN:579,(anonymous_70)
FN:587,(anonymous_71)
FN:604,onPickFiles
FN:608,onPaste
FN:624,(anonymous_74)
FN:630,(anonymous_75)
FN:631,(anonymous_76)
FN:632,(anonymous_77)
FN:637,(anonymous_78)
FN:644,removeAttachment
FN:648,sendMessage
FN:661,sendFromComposer
FN:669,(anonymous_82)
FN:681,onComposerKeydown
FN:689,removeAnnotation
FN:702,(anonymous_85)
FN:708,isActiveTurn
FN:711,isSelected
FN:714,toggle
FN:717,(anonymous_89)
FN:722,isOtherSelected
FN:726,toggleOther
FN:730,otherAnswered
FN:734,answered
FN:737,(anonymous_94)
FN:742,autoPickId
FN:743,(anonymous_96)
FN:748,(anonymous_97)
FN:748,(anonymous_98)
FN:748,(anonymous_99)
FN:751,applyRecommended
FN:757,submitRecommended
FN:770,(anonymous_102)
FN:770,(anonymous_103)
FN:771,(anonymous_104)
FN:777,(anonymous_105)
FN:782,(anonymous_106)
FN:783,(anonymous_107)
FN:784,(anonymous_108)
FN:786,prevCard
FN:789,nextCard
FN:793,pick
FN:797,submitChoices
FN:801,(anonymous_113)
FN:802,(anonymous_114)
FN:802,(anonymous_115)
FN:821,parseChoiceSummary
FN:835,(anonymous_117)
FN:842,choiceRowsForAgentTurn
FN:854,selectedLabelsForQuestion
FN:856,(anonymous_120)
FN:859,selectedDemoForInteractive
FN:862,(anonymous_122)
FN:865,send
FN:870,finishEarly
FN:885,(anonymous_125)
FN:890,cancelReview
FN:918,discardLastQueued
FN:932,forceAuthoritativeIdle
FN:958,settleAfterTurnEnd
FN:959,(anonymous_130)
FN:960,(anonymous_131)
FN:971,applyQueueState
FN:996,(anonymous_133)
FN:1001,(anonymous_134)
FN:1001,(anonymous_135)
FN:1002,(anonymous_136)
FN:1085,applyReviewFrame
FN:1123,(anonymous_138)
FN:1126,(anonymous_139)
FN:1212,applyAcpEvents
FN:1239,agentHasMessage
FN:1244,agentThoughtDisplay
FN:1252,isThoughtOpen
FN:1259,onThoughtToggle
FN:1265,showTurnCompleted
FN:1402,(anonymous_146)
FNF:147
FNH:119
FNDA:20,cloneReactAnnotations
FNDA:8,(anonymous_1)
FNDA:11,cloneClarifyImages
FNDA:5,(anonymous_3)
FNDA:15,useClarifyChat
FNDA:0,(anonymous_5)
FNDA:16,(anonymous_6)
FNDA:15,(anonymous_7)
FNDA:0,(anonymous_8)
FNDA:0,(anonymous_9)
FNDA:2,humanMatchesSeed
FNDA:1,(anonymous_11)
FNDA:2,prependSeedHuman
FNDA:1,(anonymous_13)
FNDA:24,(anonymous_14)
FNDA:5,(anonymous_15)
FNDA:24,(anonymous_16)
FNDA:23,(anonymous_17)
FNDA:23,(anonymous_18)
FNDA:1,(anonymous_19)
FNDA:0,(anonymous_20)
FNDA:1,(anonymous_21)
FNDA:2,isNearBottom
FNDA:2,onScrollerScroll
FNDA:51,scrollBottom
FNDA:15,enterStickSequence
FNDA:14,(anonymous_26)
FNDA:1,onUnreadFabClick
FNDA:34,autoGrow
FNDA:0,onTextInput
FNDA:15,(anonymous_30)
FNDA:2,(anonymous_31)
FNDA:3,textHasChoicePrefix
FNDA:2,stripChoicePrefix
FNDA:0,isChoiceReply
FNDA:32,latestQuestionTurnIndex
FNDA:2,hasHumanReplyAfter
FNDA:16,(anonymous_37)
FNDA:15,(anonymous_38)
FNDA:16,answerTranscript
FNDA:16,(anonymous_40)
FNDA:0,(anonymous_41)
FNDA:0,(anonymous_42)
FNDA:1,imagePreviewLabel
FNDA:3,hasComposerDraft
FNDA:1,truncateQueueText
FNDA:4,showQueueToast
FNDA:1,(anonymous_47)
FNDA:3,syncQueueThinking
FNDA:2,cancelQueuedItem
FNDA:2,reorderQueuedItems
FNDA:2,(anonymous_51)
FNDA:2,(anonymous_52)
FNDA:2,editQueuedItem
FNDA:0,(anonymous_54)
FNDA:1,(anonymous_55)
FNDA:2,openImagePreview
FNDA:16,turnsSemanticKey
FNDA:16,(anonymous_58)
FNDA:1,(anonymous_59)
FNDA:16,(anonymous_60)
FNDA:1,(anonymous_61)
FNDA:15,(anonymous_62)
FNDA:0,(anonymous_63)
FNDA:3,(anonymous_64)
FNDA:15,(anonymous_65)
FNDA:0,(anonymous_66)
FNDA:16,(anonymous_67)
FNDA:1,(anonymous_68)
FNDA:1,addFiles
FNDA:2,(anonymous_70)
FNDA:1,(anonymous_71)
FNDA:0,onPickFiles
FNDA:1,onPaste
FNDA:0,(anonymous_74)
FNDA:16,(anonymous_75)
FNDA:15,(anonymous_76)
FNDA:15,(anonymous_77)
FNDA:0,(anonymous_78)
FNDA:1,removeAttachment
FNDA:12,sendMessage
FNDA:3,sendFromComposer
FNDA:1,(anonymous_82)
FNDA:5,onComposerKeydown
FNDA:0,removeAnnotation
FNDA:16,(anonymous_85)
FNDA:0,isActiveTurn
FNDA:4,isSelected
FNDA:3,toggle
FNDA:1,(anonymous_89)
FNDA:0,isOtherSelected
FNDA:1,toggleOther
FNDA:1,otherAnswered
FNDA:5,answered
FNDA:2,(anonymous_94)
FNDA:6,autoPickId
FNDA:9,(anonymous_96)
FNDA:1,(anonymous_97)
FNDA:1,(anonymous_98)
FNDA:2,(anonymous_99)
FNDA:3,applyRecommended
FNDA:1,submitRecommended
FNDA:16,(anonymous_102)
FNDA:3,(anonymous_103)
FNDA:0,(anonymous_104)
FNDA:0,(anonymous_105)
FNDA:1,(anonymous_106)
FNDA:0,(anonymous_107)
FNDA:0,(anonymous_108)
FNDA:1,prevCard
FNDA:1,nextCard
FNDA:1,pick
FNDA:2,submitChoices
FNDA:3,(anonymous_113)
FNDA:8,(anonymous_114)
FNDA:3,(anonymous_115)
FNDA:3,parseChoiceSummary
FNDA:3,(anonymous_117)
FNDA:0,choiceRowsForAgentTurn
FNDA:0,selectedLabelsForQuestion
FNDA:0,(anonymous_120)
FNDA:1,selectedDemoForInteractive
FNDA:2,(anonymous_122)
FNDA:1,send
FNDA:4,finishEarly
FNDA:1,(anonymous_125)
FNDA:1,cancelReview
FNDA:1,discardLastQueued
FNDA:2,forceAuthoritativeIdle
FNDA:2,settleAfterTurnEnd
FNDA:0,(anonymous_130)
FNDA:0,(anonymous_131)
FNDA:6,applyQueueState
FNDA:5,(anonymous_133)
FNDA:1,(anonymous_134)
FNDA:1,(anonymous_135)
FNDA:0,(anonymous_136)
FNDA:5,applyReviewFrame
FNDA:1,(anonymous_138)
FNDA:2,(anonymous_139)
FNDA:3,applyAcpEvents
FNDA:2,agentHasMessage
FNDA:1,agentThoughtDisplay
FNDA:2,isThoughtOpen
FNDA:1,onThoughtToggle
FNDA:2,showTurnCompleted
FNDA:0,(anonymous_146)
DA:43,20
DA:44,8
DA:49,11
DA:50,5
DA:89,15
DA:90,15
DA:91,15
DA:111,15
DA:113,15
DA:115,16
DA:117,15
DA:118,15
DA:119,13
DA:120,13
DA:123,15
DA:125,15
DA:128,15
DA:130,15
DA:131,15
DA:133,0
DA:140,15
DA:141,0
DA:145,2
DA:146,1
DA:147,2
DA:148,0
DA:151,15
DA:152,1
DA:153,1
DA:154,1
DA:155,1
DA:159,2
DA:160,2
DA:161,2
DA:162,2
DA:163,2
DA:164,1
DA:165,1
DA:166,1
DA:167,1
DA:168,1
DA:170,0
DA:172,1
DA:174,15
DA:176,15
DA:177,15
DA:178,15
DA:179,24
DA:182,15
DA:183,15
DA:184,15
DA:185,24
DA:191,15
DA:192,15
DA:195,23
DA:197,23
DA:200,15
DA:203,23
DA:204,23
DA:211,15
DA:212,15
DA:213,15
DA:214,15
DA:215,15
DA:216,15
DA:219,15
DA:220,15
DA:222,15
DA:223,15
DA:224,15
DA:225,0
DA:228,15
DA:229,1
DA:233,2
DA:237,2
DA:238,2
DA:239,2
DA:240,1
DA:241,1
DA:243,1
DA:248,51
DA:249,51
DA:250,51
DA:251,2
DA:252,1
DA:253,1
DA:254,1
DA:265,15
DA:266,15
DA:267,15
DA:268,15
DA:269,14
DA:274,1
DA:277,15
DA:278,15
DA:280,15
DA:283,34
DA:284,34
DA:285,0
DA:293,0
DA:296,15
DA:297,15
DA:298,15
DA:299,15
DA:300,15
DA:301,15
DA:302,15
DA:303,15
DA:304,15
DA:308,15
DA:309,15
DA:312,3
DA:316,2
DA:317,0
DA:318,0
DA:322,0
DA:327,32
DA:328,6
DA:329,6
DA:331,28
DA:335,2
DA:336,0
DA:338,2
DA:341,16
DA:343,15
DA:344,15
DA:345,15
DA:346,2
DA:351,16
DA:352,0
DA:354,16
DA:357,15
DA:358,16
DA:359,16
DA:360,16
DA:361,2
DA:362,2
DA:365,15
DA:366,0
DA:369,0
DA:370,0
DA:372,0
DA:376,15
DA:380,1
DA:381,1
DA:382,0
DA:383,0
DA:386,15
DA:387,15
DA:388,15
DA:389,15
DA:392,3
DA:396,1
DA:397,1
DA:401,4
DA:402,4
DA:403,4
DA:404,1
DA:409,3
DA:413,2
DA:414,1
DA:415,1
DA:416,1
DA:417,2
DA:418,2
DA:422,2
DA:429,1
DA:431,1
DA:432,1
DA:433,1
DA:434,2
DA:435,1
DA:436,1
DA:441,2
DA:442,2
DA:446,2
DA:447,1
DA:448,1
DA:449,1
DA:450,1
DA:451,1
DA:452,0
DA:453,0
DA:456,0
DA:458,1
DA:459,1
DA:460,1
DA:461,1
DA:462,1
DA:466,2
DA:467,2
DA:468,2
DA:469,2
DA:470,2
DA:471,2
DA:472,2
DA:473,2
DA:474,2
DA:475,2
DA:478,15
DA:479,1
DA:483,2
DA:484,2
DA:485,1
DA:489,16
DA:490,3
DA:491,3
DA:496,15
DA:497,16
DA:499,1
DA:500,1
DA:501,1
DA:502,1
DA:505,1
DA:509,0
DA:510,0
DA:511,0
DA:512,0
DA:513,0
DA:514,0
DA:515,0
DA:517,1
DA:522,15
DA:523,16
DA:525,1
DA:526,1
DA:527,1
DA:528,0
DA:529,0
DA:531,1
DA:532,0
DA:533,0
DA:535,1
DA:541,15
DA:542,15
DA:544,0
DA:549,15
DA:550,3
DA:551,2
DA:554,15
DA:555,15
DA:557,0
DA:558,0
DA:559,0
DA:566,15
DA:567,16
DA:569,1
DA:570,1
DA:571,1
DA:576,1
DA:577,1
DA:578,1
DA:579,1
DA:580,2
DA:581,1
DA:582,1
DA:584,1
DA:585,1
DA:586,2
DA:587,2
DA:588,1
DA:589,1
DA:590,1
DA:596,2
DA:598,1
DA:599,1
DA:601,0
DA:605,0
DA:606,0
DA:609,1
DA:610,1
DA:611,1
DA:612,1
DA:614,0
DA:615,0
DA:616,0
DA:617,0
DA:618,0
DA:621,0
DA:622,0
DA:623,0
DA:624,0
DA:625,0
DA:627,0
DA:630,16
DA:631,15
DA:632,15
DA:633,15
DA:634,15
DA:635,15
DA:636,0
DA:637,0
DA:638,0
DA:642,15
DA:645,1
DA:649,12
DA:650,12
DA:653,9
DA:654,9
DA:655,9
DA:656,9
DA:657,9
DA:658,9
DA:662,3
DA:663,3
DA:664,3
DA:665,3
DA:666,3
DA:667,3
DA:668,1
DA:669,1
DA:672,1
DA:674,2
DA:675,2
DA:676,2
DA:677,2
DA:678,2
DA:682,5
DA:684,4
DA:685,1
DA:686,1
DA:690,0
DA:695,15
DA:696,15
DA:698,15
DA:702,15
DA:703,16
DA:704,15
DA:705,2
DA:709,0
DA:712,4
DA:715,3
DA:716,3
DA:717,2
DA:719,1
DA:723,0
DA:727,1
DA:731,1
DA:735,5
DA:737,15
DA:743,9
DA:744,6
DA:748,15
DA:752,3
DA:753,4
DA:754,4
DA:758,1
DA:759,1
DA:760,1
DA:764,15
DA:769,15
DA:770,16
DA:772,0
DA:773,0
DA:776,0
DA:777,0
DA:778,0
DA:782,15
DA:783,15
DA:784,15
DA:787,1
DA:790,1
DA:794,1
DA:798,2
DA:799,2
DA:801,2
DA:802,8
DA:803,3
DA:804,3
DA:805,3
DA:807,2
DA:808,2
DA:809,2
DA:810,2
DA:811,2
DA:812,2
DA:822,3
DA:823,2
DA:824,2
DA:825,2
DA:826,5
DA:827,5
DA:828,3
DA:829,3
DA:830,3
DA:831,2
DA:832,2
DA:835,3
DA:837,2
DA:839,2
DA:843,0
DA:844,0
DA:845,0
DA:846,0
DA:847,0
DA:849,0
DA:851,0
DA:855,0
DA:856,0
DA:860,1
DA:861,1
DA:862,2
DA:866,1
DA:871,4
DA:872,3
DA:873,1
DA:874,1
DA:875,1
DA:876,1
DA:877,1
DA:879,2
DA:880,1
DA:881,1
DA:882,1
DA:885,15
DA:887,1
DA:891,1
DA:894,1
DA:895,1
DA:897,1
DA:898,1
DA:899,1
DA:900,1
DA:901,1
DA:904,1
DA:905,1
DA:906,1
DA:907,1
DA:908,1
DA:909,1
DA:910,1
DA:911,1
DA:919,1
DA:920,1
DA:921,1
DA:922,1
DA:933,2
DA:934,2
DA:935,1
DA:936,1
DA:937,1
DA:938,1
DA:939,1
DA:940,1
DA:941,0
DA:942,0
DA:943,0
DA:944,0
DA:945,0
DA:948,1
DA:950,2
DA:959,2
DA:960,0
DA:962,2
DA:987,6
DA:988,6
DA:989,1
DA:990,1
DA:992,5
DA:993,0
DA:994,0
DA:995,5
DA:996,5
DA:997,5
DA:998,5
DA:1000,5
DA:1001,1
DA:1002,0
DA:1005,5
DA:1008,5
DA:1011,5
DA:1018,5
DA:1019,5
DA:1020,1
DA:1021,1
DA:1022,4
DA:1023,3
DA:1025,1
DA:1026,1
DA:1032,5
DA:1038,1
DA:1039,1
DA:1055,1
DA:1056,1
DA:1057,1
DA:1058,1
DA:1059,1
DA:1060,1
DA:1064,5
DA:1065,0
DA:1066,0
DA:1067,0
DA:1068,0
DA:1069,0
DA:1070,0
DA:1071,0
DA:1073,0
DA:1074,0
DA:1075,0
DA:1076,0
DA:1078,0
DA:1081,5
DA:1112,5
DA:1113,5
DA:1118,3
DA:1119,3
DA:1120,3
DA:1121,3
DA:1122,3
DA:1123,1
DA:1124,2
DA:1126,2
DA:1130,3
DA:1132,3
DA:1134,3
DA:1137,3
DA:1144,3
DA:1152,3
DA:1153,3
DA:1154,3
DA:1155,3
DA:1156,3
DA:1157,3
DA:1158,3
DA:1161,1
DA:1162,1
DA:1163,1
DA:1164,1
DA:1165,1
DA:1167,1
DA:1168,1
DA:1169,1
DA:1170,1
DA:1172,1
DA:1175,1
DA:1176,1
DA:1179,1
DA:1180,1
DA:1181,1
DA:1183,1
DA:1184,1
DA:1185,1
DA:1186,1
DA:1187,1
DA:1188,1
DA:1190,1
DA:1192,1
DA:1193,1
DA:1196,0
DA:1202,0
DA:1204,5
DA:1213,3
DA:1215,3
DA:1217,2
DA:1218,1
DA:1219,1
DA:1220,1
DA:1221,1
DA:1222,3
DA:1224,2
DA:1225,2
DA:1228,1
DA:1229,1
DA:1231,1
DA:1232,1
DA:1234,1
DA:1235,1
DA:1240,2
DA:1245,1
DA:1246,1
DA:1248,0
DA:1253,2
DA:1254,1
DA:1256,1
DA:1260,1
DA:1261,1
DA:1266,2
DA:1275,15
DA:1402,0
LF:579
LH:484
BRDA:43,0,0,12
BRDA:43,0,1,8
BRDA:49,1,0,6
BRDA:49,1,1,5
BRDA:111,2,0,0
BRDA:111,2,1,0
BRDA:115,3,0,16
BRDA:115,3,1,0
BRDA:118,4,0,2
BRDA:118,4,1,13
BRDA:119,5,0,0
BRDA:119,5,1,13
BRDA:133,6,0,0
BRDA:133,6,1,0
BRDA:133,6,2,0
BRDA:133,6,3,0
BRDA:133,6,4,0
BRDA:133,6,5,0
BRDA:141,7,0,0
BRDA:141,7,1,0
BRDA:145,8,0,1
BRDA:145,8,1,1
BRDA:146,9,0,1
BRDA:146,9,1,0
BRDA:147,10,0,1
BRDA:147,10,1,1
BRDA:147,11,0,1
BRDA:147,11,1,0
BRDA:148,12,0,0
BRDA:148,12,1,0
BRDA:148,13,0,0
BRDA:148,13,1,0
BRDA:148,14,0,0
BRDA:148,14,1,0
BRDA:152,15,0,1
BRDA:152,15,1,0
BRDA:153,16,0,1
BRDA:153,16,1,0
BRDA:154,17,0,0
BRDA:154,17,1,1
BRDA:154,18,0,1
BRDA:154,18,1,0
BRDA:160,19,0,0
BRDA:160,19,1,2
BRDA:161,20,0,2
BRDA:161,20,1,0
BRDA:163,21,0,1
BRDA:163,21,1,1
BRDA:165,22,0,1
BRDA:165,22,1,0
BRDA:165,23,0,1
BRDA:165,23,1,1
BRDA:165,24,0,1
BRDA:165,24,1,0
BRDA:197,25,0,23
BRDA:197,25,1,0
BRDA:204,26,0,23
BRDA:204,26,1,0
BRDA:223,27,0,1
BRDA:223,27,1,1
BRDA:229,28,0,1
BRDA:229,28,1,0
BRDA:229,28,2,0
BRDA:238,29,0,0
BRDA:238,29,1,2
BRDA:239,30,0,1
BRDA:239,30,1,1
BRDA:247,31,0,51
BRDA:250,32,0,49
BRDA:250,32,1,2
BRDA:251,33,0,1
BRDA:251,33,1,1
BRDA:251,34,0,2
BRDA:251,34,1,1
BRDA:284,35,0,34
BRDA:284,35,1,0
BRDA:312,36,0,3
BRDA:312,36,1,1
BRDA:316,37,0,2
BRDA:316,37,1,0
BRDA:317,38,0,0
BRDA:317,38,1,0
BRDA:322,39,0,0
BRDA:322,39,1,0
BRDA:329,40,0,4
BRDA:329,40,1,2
BRDA:329,41,0,6
BRDA:329,41,1,4
BRDA:336,42,0,0
BRDA:336,42,1,0
BRDA:336,43,0,0
BRDA:336,43,1,0
BRDA:345,44,0,13
BRDA:345,44,1,2
BRDA:346,45,0,2
BRDA:346,45,1,0
BRDA:351,46,0,0
BRDA:351,46,1,16
BRDA:360,47,0,14
BRDA:360,47,1,2
BRDA:361,48,0,0
BRDA:361,48,1,2
BRDA:369,49,0,0
BRDA:369,49,1,0
BRDA:381,50,0,1
BRDA:381,50,1,0
BRDA:382,51,0,0
BRDA:382,51,1,0
BRDA:392,52,0,3
BRDA:392,52,1,1
BRDA:392,52,2,1
BRDA:396,53,0,1
BRDA:396,53,1,0
BRDA:397,54,0,0
BRDA:397,54,1,1
BRDA:409,55,0,3
BRDA:409,55,1,3
BRDA:413,56,0,1
BRDA:413,56,1,1
BRDA:413,57,0,2
BRDA:413,57,1,1
BRDA:416,58,0,1
BRDA:416,58,1,0
BRDA:418,59,0,1
BRDA:418,59,1,1
BRDA:422,60,0,1
BRDA:422,60,1,1
BRDA:423,61,0,2
BRDA:423,61,1,2
BRDA:423,61,2,2
BRDA:423,61,3,1
BRDA:423,61,4,1
BRDA:435,62,0,1
BRDA:435,62,1,0
BRDA:435,63,0,1
BRDA:435,63,1,1
BRDA:441,64,0,0
BRDA:441,64,1,2
BRDA:441,65,0,2
BRDA:441,65,1,2
BRDA:446,66,0,1
BRDA:446,66,1,1
BRDA:451,67,0,0
BRDA:451,67,1,1
BRDA:475,68,0,2
BRDA:475,68,1,0
BRDA:479,69,0,0
BRDA:479,69,1,1
BRDA:484,70,0,1
BRDA:484,70,1,1
BRDA:484,71,0,2
BRDA:484,71,1,2
BRDA:489,72,0,13
BRDA:489,72,1,3
BRDA:499,73,0,0
BRDA:499,73,1,1
BRDA:499,74,0,1
BRDA:499,74,1,1
BRDA:501,75,0,0
BRDA:501,75,1,1
BRDA:501,76,0,0
BRDA:501,76,1,0
BRDA:505,77,0,0
BRDA:505,77,1,1
BRDA:506,78,0,1
BRDA:506,78,1,0
BRDA:506,78,2,0
BRDA:506,78,3,0
BRDA:515,79,0,0
BRDA:515,79,1,0
BRDA:525,80,0,0
BRDA:525,80,1,1
BRDA:527,81,0,0
BRDA:527,81,1,1
BRDA:528,82,0,0
BRDA:528,82,1,0
BRDA:531,83,0,0
BRDA:531,83,1,1
BRDA:550,84,0,2
BRDA:550,84,1,1
BRDA:550,85,0,3
BRDA:550,85,1,1
BRDA:550,85,2,2
BRDA:550,85,3,1
BRDA:551,86,0,2
BRDA:551,86,1,0
BRDA:557,87,0,0
BRDA:557,87,1,0
BRDA:569,88,0,0
BRDA:569,88,1,1
BRDA:571,89,0,1
BRDA:571,89,1,0
BRDA:571,90,0,1
BRDA:571,90,1,1
BRDA:576,91,0,0
BRDA:576,91,1,1
BRDA:580,92,0,1
BRDA:580,92,1,1
BRDA:585,93,0,1
BRDA:585,93,1,0
BRDA:588,94,0,1
BRDA:588,94,1,0
BRDA:591,95,0,1
BRDA:591,95,1,0
BRDA:598,96,0,1
BRDA:598,96,1,0
BRDA:606,97,0,0
BRDA:606,97,1,0
BRDA:610,98,0,1
BRDA:610,98,1,0
BRDA:616,99,0,0
BRDA:616,99,1,0
BRDA:618,100,0,0
BRDA:618,100,1,0
BRDA:621,101,0,0
BRDA:621,101,1,0
BRDA:635,102,0,0
BRDA:635,102,1,15
BRDA:635,103,0,15
BRDA:635,103,1,0
BRDA:648,104,0,12
BRDA:648,105,0,12
BRDA:650,106,0,3
BRDA:650,106,1,9
BRDA:650,107,0,12
BRDA:650,107,1,1
BRDA:650,107,2,1
BRDA:650,107,3,11
BRDA:650,107,4,10
BRDA:665,108,0,0
BRDA:665,108,1,3
BRDA:665,109,0,3
BRDA:665,109,1,0
BRDA:665,109,2,0
BRDA:665,109,3,3
BRDA:665,109,4,3
BRDA:667,110,0,1
BRDA:667,110,1,2
BRDA:682,111,0,1
BRDA:682,111,1,4
BRDA:682,112,0,5
BRDA:682,112,1,5
BRDA:684,113,0,3
BRDA:684,113,1,1
BRDA:684,114,0,4
BRDA:684,114,1,3
BRDA:684,114,2,2
BRDA:703,115,0,1
BRDA:703,115,1,15
BRDA:703,116,0,16
BRDA:703,116,1,16
BRDA:703,116,2,16
BRDA:704,117,0,13
BRDA:704,117,1,2
BRDA:709,118,0,0
BRDA:709,118,1,0
BRDA:712,119,0,4
BRDA:712,119,1,0
BRDA:715,120,0,3
BRDA:715,120,1,0
BRDA:716,121,0,2
BRDA:716,121,1,1
BRDA:717,122,0,1
BRDA:717,122,1,1
BRDA:719,123,0,0
BRDA:719,123,1,1
BRDA:731,124,0,1
BRDA:731,124,1,1
BRDA:735,125,0,5
BRDA:735,125,1,0
BRDA:735,126,0,5
BRDA:735,126,1,0
BRDA:744,127,0,4
BRDA:744,127,1,2
BRDA:744,128,0,2
BRDA:744,128,1,1
BRDA:754,129,0,4
BRDA:754,129,1,0
BRDA:758,130,0,0
BRDA:758,130,1,1
BRDA:758,131,0,1
BRDA:758,131,1,1
BRDA:773,132,0,0
BRDA:773,132,1,0
BRDA:778,133,0,0
BRDA:778,133,1,0
BRDA:778,134,0,0
BRDA:778,134,1,0
BRDA:778,135,0,0
BRDA:778,135,1,0
BRDA:782,136,0,1
BRDA:782,136,1,0
BRDA:787,137,0,1
BRDA:787,137,1,0
BRDA:790,138,0,1
BRDA:790,138,1,0
BRDA:799,139,0,0
BRDA:799,139,1,2
BRDA:799,140,0,2
BRDA:799,140,1,2
BRDA:799,140,2,2
BRDA:802,141,0,8
BRDA:802,141,1,0
BRDA:803,142,0,1
BRDA:803,142,1,2
BRDA:804,143,0,1
BRDA:804,143,1,2
BRDA:822,144,0,1
BRDA:822,144,1,2
BRDA:822,145,0,3
BRDA:822,145,1,3
BRDA:827,146,0,2
BRDA:827,146,1,3
BRDA:830,147,0,1
BRDA:830,147,1,2
BRDA:837,148,0,2
BRDA:837,148,1,0
BRDA:839,149,0,1
BRDA:839,149,1,1
BRDA:845,150,0,0
BRDA:845,150,1,0
BRDA:847,151,0,0
BRDA:847,151,1,0
BRDA:849,152,0,0
BRDA:849,152,1,0
BRDA:849,153,0,0
BRDA:849,153,1,0
BRDA:855,154,0,0
BRDA:855,154,1,0
BRDA:856,155,0,0
BRDA:856,155,1,0
BRDA:861,156,0,0
BRDA:861,156,1,1
BRDA:861,157,0,1
BRDA:861,157,1,1
BRDA:862,158,0,1
BRDA:862,158,1,0
BRDA:862,159,0,2
BRDA:862,159,1,1
BRDA:871,160,0,1
BRDA:871,160,1,3
BRDA:871,161,0,4
BRDA:871,161,1,3
BRDA:872,162,0,1
BRDA:872,162,1,2
BRDA:873,163,0,0
BRDA:873,163,1,1
BRDA:873,164,0,1
BRDA:873,164,1,1
BRDA:879,165,0,1
BRDA:879,165,1,1
BRDA:887,166,0,1
BRDA:887,166,1,1
BRDA:887,166,2,1
BRDA:887,166,3,1
BRDA:891,167,0,0
BRDA:891,167,1,1
BRDA:891,168,0,1
BRDA:891,168,1,1
BRDA:894,169,0,1
BRDA:894,169,1,0
BRDA:897,170,0,1
BRDA:897,170,1,0
BRDA:897,171,0,1
BRDA:897,171,1,1
BRDA:900,172,0,1
BRDA:900,172,1,0
BRDA:919,173,0,0
BRDA:919,173,1,1
BRDA:921,174,0,1
BRDA:921,174,1,0
BRDA:921,175,0,1
BRDA:921,175,1,1
BRDA:933,176,0,0
BRDA:933,176,1,2
BRDA:934,177,0,1
BRDA:934,177,1,1
BRDA:936,178,0,1
BRDA:936,178,1,1
BRDA:936,178,2,1
BRDA:937,179,0,1
BRDA:937,179,1,0
BRDA:941,180,0,0
BRDA:941,180,1,0
BRDA:942,181,0,0
BRDA:942,181,1,0
BRDA:959,182,0,0
BRDA:959,182,1,2
BRDA:962,183,0,2
BRDA:962,183,1,2
BRDA:987,184,0,6
BRDA:987,184,1,2
BRDA:987,184,2,1
BRDA:988,185,0,1
BRDA:988,185,1,5
BRDA:992,186,0,0
BRDA:992,186,1,5
BRDA:992,187,0,5
BRDA:992,187,1,1
BRDA:993,188,0,0
BRDA:993,188,1,0
BRDA:994,189,0,0
BRDA:994,189,1,0
BRDA:995,190,0,5
BRDA:995,190,1,0
BRDA:997,191,0,5
BRDA:997,191,1,0
BRDA:998,192,0,5
BRDA:998,192,1,0
BRDA:998,193,0,5
BRDA:998,193,1,5
BRDA:1000,194,0,5
BRDA:1000,194,1,0
BRDA:1001,195,0,5
BRDA:1001,195,1,5
BRDA:1001,196,0,1
BRDA:1001,196,1,1
BRDA:1005,197,0,2
BRDA:1005,197,1,3
BRDA:1008,198,0,2
BRDA:1008,198,1,3
BRDA:1012,199,0,5
BRDA:1012,199,1,0
BRDA:1018,200,0,1
BRDA:1018,200,1,4
BRDA:1018,201,0,5
BRDA:1018,201,1,5
BRDA:1019,202,0,1
BRDA:1019,202,1,4
BRDA:1022,203,0,3
BRDA:1022,203,1,1
BRDA:1032,204,0,1
BRDA:1032,204,1,4
BRDA:1033,205,0,5
BRDA:1033,205,1,1
BRDA:1033,205,2,1
BRDA:1033,205,3,1
BRDA:1036,206,0,1
BRDA:1036,206,1,0
BRDA:1038,207,0,1
BRDA:1038,207,1,0
BRDA:1064,208,0,0
BRDA:1064,208,1,5
BRDA:1064,209,0,5
BRDA:1064,209,1,4
BRDA:1066,210,0,0
BRDA:1066,210,1,0
BRDA:1066,210,2,0
BRDA:1067,211,0,0
BRDA:1067,211,1,0
BRDA:1073,212,0,0
BRDA:1073,212,1,0
BRDA:1081,213,0,5
BRDA:1081,213,1,4
BRDA:1081,213,2,0
BRDA:1112,214,0,0
BRDA:1112,214,1,5
BRDA:1112,215,0,5
BRDA:1112,215,1,1
BRDA:1113,216,0,3
BRDA:1113,216,1,1
BRDA:1113,216,2,1
BRDA:1113,216,3,0
BRDA:1119,217,0,1
BRDA:1119,217,1,2
BRDA:1119,218,0,3
BRDA:1119,218,1,1
BRDA:1120,219,0,3
BRDA:1120,219,1,0
BRDA:1122,220,0,1
BRDA:1122,220,1,2
BRDA:1124,221,0,2
BRDA:1124,221,1,0
BRDA:1130,222,0,3
BRDA:1130,222,1,0
BRDA:1132,223,0,1
BRDA:1132,223,1,2
BRDA:1132,224,0,3
BRDA:1132,224,1,1
BRDA:1134,225,0,0
BRDA:1134,225,1,3
BRDA:1134,226,0,3
BRDA:1134,226,1,0
BRDA:1139,227,0,3
BRDA:1139,227,1,0
BRDA:1139,227,2,0
BRDA:1161,228,0,1
BRDA:1161,228,1,0
BRDA:1161,229,0,1
BRDA:1161,229,1,1
BRDA:1165,230,0,1
BRDA:1165,230,1,0
BRDA:1179,231,0,1
BRDA:1179,231,1,0
BRDA:1179,232,0,1
BRDA:1179,232,1,1
BRDA:1182,233,0,1
BRDA:1182,233,1,1
BRDA:1182,233,2,0
BRDA:1184,234,0,1
BRDA:1184,234,1,0
BRDA:1197,235,0,0
BRDA:1197,235,1,0
BRDA:1198,236,0,0
BRDA:1198,236,1,0
BRDA:1200,237,0,0
BRDA:1200,237,1,0
BRDA:1213,238,0,0
BRDA:1213,238,1,3
BRDA:1215,239,0,1
BRDA:1215,239,1,2
BRDA:1215,240,0,3
BRDA:1215,240,1,1
BRDA:1217,241,0,1
BRDA:1217,241,1,1
BRDA:1219,242,0,0
BRDA:1219,242,1,1
BRDA:1221,243,0,1
BRDA:1221,243,1,1
BRDA:1224,244,0,1
BRDA:1224,244,1,1
BRDA:1224,245,0,2
BRDA:1224,245,1,1
BRDA:1225,246,0,1
BRDA:1225,246,1,1
BRDA:1225,247,0,2
BRDA:1225,247,1,1
BRDA:1240,248,0,2
BRDA:1240,248,1,1
BRDA:1240,248,2,1
BRDA:1245,249,0,1
BRDA:1245,249,1,0
BRDA:1245,250,0,1
BRDA:1245,250,1,1
BRDA:1248,251,0,0
BRDA:1248,251,1,0
BRDA:1253,252,0,1
BRDA:1253,252,1,1
BRDA:1256,253,0,1
BRDA:1256,253,1,1
BRDA:1256,253,2,1
BRDA:1267,254,0,2
BRDA:1267,254,1,2
BRDA:1267,254,2,2
BRDA:1267,254,3,1
BRDA:1270,255,0,1
BRDA:1270,255,1,1
BRF:547
BRH:352
end_of_record
TN:
SF:src/lib/pm/usePmLeaderChat.ts
FN:44,usePmLeaderChat
FN:67,(anonymous_1)
FN:70,syncStreamText
FN:76,appendStreamText
FN:80,clearStreamText
FN:100,isNearBottom
FN:104,onScrollerScroll
FN:113,scrollBottom
FN:121,mergeMessagesKeepPrefix
FN:124,(anonymous_9)
FN:128,(anonymous_10)
FN:129,(anonymous_11)
FN:139,resetHistoryWindowState
FN:164,(anonymous_13)
FN:184,(anonymous_14)
FN:186,(anonymous_15)
FN:188,(anonymous_16)
FN:190,(anonymous_17)
FN:193,(anonymous_18)
FN:196,(anonymous_19)
FN:203,(anonymous_20)
FN:209,(anonymous_21)
FN:215,(anonymous_22)
FN:218,copyAssistantText
FN:231,(anonymous_24)
FN:232,(anonymous_25)
FN:235,channelTypeOf
FN:239,isChannelThread
FN:243,channelBadgeLabel
FN:256,channelBadgeClass
FN:269,channelReadonlyTitle
FN:282,channelReadonlyHint
FN:295,threadDisplayTitle
FN:305,channelSourceLine
FN:322,(anonymous_34)
FN:322,(anonymous_35)
FN:323,(anonymous_36)
FN:324,(anonymous_37)
FN:326,(anonymous_38)
FN:334,(anonymous_39)
FN:340,(anonymous_40)
FN:346,(anonymous_41)
FN:351,(anonymous_42)
FN:364,closeChannelCtx
FN:368,openChannelCtx
FN:375,openChannelDetail
FN:377,(anonymous_46)
FN:384,closeChannelDetail
FN:388,onChannelCtxAction
FN:400,failMeta
FN:410,applyRestoreMobileChat
FN:417,isFailedUser
FN:422,isChannelHint
FN:426,loadThreads
FN:455,activateThread
FN:476,selectThread
FN:486,backToThreads
FN:492,ensureActiveThread
FN:499,loadMessages
FN:506,(anonymous_59)
FN:535,(anonymous_60)
FN:545,loadEarlier
FN:572,(anonymous_62)
FN:573,(anonymous_63)
FN:592,retryLoadMessages
FN:601,hydrateDraftAndMaybeResume
FN:604,(anonymous_66)
FN:645,setFailedPartial
FN:651,clearFailedPartial
FN:658,convergeFailedDraft
FN:661,(anonymous_70)
FN:669,beginResume
FN:710,convergeOrphanTurns
FN:715,(anonymous_73)
FN:737,newThread
FN:753,removeThread
FN:755,(anonymous_76)
FN:759,(anonymous_77)
FN:772,closeWs
FN:783,clearTurnDeadline
FN:790,startTurnDeadline
FN:792,(anonymous_81)
FN:799,resetTurnLocal
FN:818,patchLocalMessage
FN:819,(anonymous_84)
FN:822,persistFailure
FN:837,clearFailure
FN:851,failTurn
FN:873,ensureSandbox
FN:890,(anonymous_89)
FN:890,(anonymous_90)
FN:892,waitReady
FN:904,waitWsOpen
FN:909,(anonymous_93)
FN:910,(anonymous_94)
FN:914,(anonymous_95)
FN:918,(anonymous_96)
FN:922,(anonymous_97)
FN:926,(anonymous_98)
FN:938,openWs
FN:943,(anonymous_100)
FN:974,(anonymous_101)
FN:979,(anonymous_102)
FN:986,handleAcp
FN:991,(anonymous_104)
FN:994,clearFinalizingStream
FN:1002,refetchAfterTurnDone
FN:1008,(anonymous_107)
FN:1038,onTurnDone
FN:1063,onTurnError
FN:1079,(anonymous_110)
FN:1094,(anonymous_111)
FN:1115,runTurn
FN:1148,(anonymous_113)
FN:1171,send
FN:1239,stop
FN:1260,retryTurn
FN:1262,(anonymous_117)
FN:1292,(anonymous_118)
FN:1297,(anonymous_119)
FN:1298,(anonymous_120)
FN:1309,(anonymous_121)
FN:1310,(anonymous_122)
FN:1312,(anonymous_123)
FNF:124
FNH:90
FNDA:11,usePmLeaderChat
FNDA:29,(anonymous_1)
FNDA:1,syncStreamText
FNDA:0,appendStreamText
FNDA:37,clearStreamText
FNDA:1,isNearBottom
FNDA:1,onScrollerScroll
FNDA:31,scrollBottom
FNDA:2,mergeMessagesKeepPrefix
FNDA:2,(anonymous_9)
FNDA:2,(anonymous_10)
FNDA:2,(anonymous_11)
FNDA:12,resetHistoryWindowState
FNDA:0,(anonymous_13)
FNDA:5,(anonymous_14)
FNDA:10,(anonymous_15)
FNDA:7,(anonymous_16)
FNDA:0,(anonymous_17)
FNDA:0,(anonymous_18)
FNDA:0,(anonymous_19)
FNDA:0,(anonymous_20)
FNDA:0,(anonymous_21)
FNDA:0,(anonymous_22)
FNDA:2,copyAssistantText
FNDA:0,(anonymous_24)
FNDA:0,(anonymous_25)
FNDA:7,channelTypeOf
FNDA:35,isChannelThread
FNDA:1,channelBadgeLabel
FNDA:1,channelBadgeClass
FNDA:1,channelReadonlyTitle
FNDA:1,channelReadonlyHint
FNDA:2,threadDisplayTitle
FNDA:2,channelSourceLine
FNDA:4,(anonymous_34)
FNDA:5,(anonymous_35)
FNDA:4,(anonymous_36)
FNDA:0,(anonymous_37)
FNDA:0,(anonymous_38)
FNDA:0,(anonymous_39)
FNDA:0,(anonymous_40)
FNDA:0,(anonymous_41)
FNDA:0,(anonymous_42)
FNDA:1,closeChannelCtx
FNDA:1,openChannelCtx
FNDA:1,openChannelDetail
FNDA:2,(anonymous_46)
FNDA:1,closeChannelDetail
FNDA:0,onChannelCtxAction
FNDA:0,failMeta
FNDA:11,applyRestoreMobileChat
FNDA:0,isFailedUser
FNDA:1,isChannelHint
FNDA:11,loadThreads
FNDA:12,activateThread
FNDA:0,selectThread
FNDA:0,backToThreads
FNDA:0,ensureActiveThread
FNDA:12,loadMessages
FNDA:13,(anonymous_59)
FNDA:12,(anonymous_60)
FNDA:3,loadEarlier
FNDA:2,(anonymous_62)
FNDA:2,(anonymous_63)
FNDA:0,retryLoadMessages
FNDA:12,hydrateDraftAndMaybeResume
FNDA:13,(anonymous_66)
FNDA:1,setFailedPartial
FNDA:1,clearFailedPartial
FNDA:1,convergeFailedDraft
FNDA:1,(anonymous_70)
FNDA:0,beginResume
FNDA:11,convergeOrphanTurns
FNDA:3,(anonymous_73)
FNDA:4,newThread
FNDA:2,removeThread
FNDA:2,(anonymous_76)
FNDA:1,(anonymous_77)
FNDA:29,closeWs
FNDA:41,clearTurnDeadline
FNDA:12,startTurnDeadline
FNDA:0,(anonymous_81)
FNDA:24,resetTurnLocal
FNDA:8,patchLocalMessage
FNDA:13,(anonymous_84)
FNDA:4,persistFailure
FNDA:1,clearFailure
FNDA:2,failTurn
FNDA:4,ensureSandbox
FNDA:0,(anonymous_89)
FNDA:0,(anonymous_90)
FNDA:5,waitReady
FNDA:7,waitWsOpen
FNDA:1,(anonymous_93)
FNDA:0,(anonymous_94)
FNDA:0,(anonymous_95)
FNDA:1,(anonymous_96)
FNDA:0,(anonymous_97)
FNDA:1,(anonymous_98)
FNDA:4,openWs
FNDA:6,(anonymous_100)
FNDA:1,(anonymous_101)
FNDA:4,(anonymous_102)
FNDA:1,handleAcp
FNDA:0,(anonymous_104)
FNDA:1,clearFinalizingStream
FNDA:1,refetchAfterTurnDone
FNDA:1,(anonymous_107)
FNDA:1,onTurnDone
FNDA:1,onTurnError
FNDA:1,(anonymous_110)
FNDA:1,(anonymous_111)
FNDA:4,runTurn
FNDA:0,(anonymous_113)
FNDA:3,send
FNDA:1,stop
FNDA:2,retryTurn
FNDA:2,(anonymous_117)
FNDA:0,(anonymous_118)
FNDA:11,(anonymous_119)
FNDA:0,(anonymous_120)
FNDA:11,(anonymous_121)
FNDA:11,(anonymous_122)
FNDA:11,(anonymous_123)
DA:47,11
DA:48,11
DA:49,11
DA:50,11
DA:52,11
DA:53,11
DA:54,11
DA:55,11
DA:56,11
DA:57,11
DA:58,11
DA:59,11
DA:60,11
DA:61,11
DA:62,11
DA:63,11
DA:65,11
DA:66,11
DA:67,11
DA:68,29
DA:71,1
DA:72,1
DA:74,1
DA:77,0
DA:78,0
DA:81,37
DA:82,37
DA:83,37
DA:85,11
DA:86,11
DA:87,11
DA:89,11
DA:91,11
DA:93,11
DA:94,11
DA:96,11
DA:97,11
DA:98,11
DA:101,1
DA:105,1
DA:106,1
DA:107,1
DA:108,1
DA:109,1
DA:114,31
DA:115,31
DA:116,1
DA:122,2
DA:123,2
DA:124,2
DA:125,2
DA:126,3
DA:128,2
DA:129,2
DA:130,2
DA:131,3
DA:132,1
DA:133,1
DA:136,2
DA:140,12
DA:141,12
DA:142,12
DA:146,11
DA:149,11
DA:160,11
DA:162,11
DA:164,11
DA:165,0
DA:168,11
DA:169,11
DA:171,11
DA:173,11
DA:175,11
DA:176,11
DA:177,11
DA:179,11
DA:181,11
DA:182,11
DA:184,11
DA:185,11
DA:186,10
DA:188,11
DA:189,11
DA:190,0
DA:192,11
DA:193,0
DA:196,11
DA:197,0
DA:198,0
DA:199,0
DA:200,0
DA:201,0
DA:203,11
DA:204,0
DA:205,0
DA:206,0
DA:207,0
DA:209,11
DA:214,11
DA:215,0
DA:219,2
DA:220,2
DA:221,2
DA:222,2
DA:223,2
DA:224,2
DA:225,2
DA:226,1
DA:228,1
DA:231,11
DA:232,11
DA:236,7
DA:240,35
DA:244,1
DA:246,0
DA:248,1
DA:250,0
DA:252,0
DA:257,1
DA:259,0
DA:261,1
DA:263,0
DA:265,0
DA:270,1
DA:272,0
DA:274,1
DA:276,0
DA:278,0
DA:283,1
DA:285,0
DA:287,1
DA:289,0
DA:291,0
DA:296,2
DA:298,2
DA:300,0
DA:301,2
DA:302,0
DA:306,2
DA:308,2
DA:315,2
DA:316,2
DA:317,2
DA:319,0
DA:322,11
DA:323,11
DA:324,11
DA:325,11
DA:327,0
DA:333,11
DA:335,0
DA:340,11
DA:341,0
DA:342,0
DA:343,0
DA:344,0
DA:346,11
DA:347,0
DA:348,0
DA:349,0
DA:351,11
DA:352,0
DA:353,0
DA:354,0
DA:355,0
DA:359,11
DA:360,11
DA:361,11
DA:362,11
DA:365,1
DA:369,1
DA:370,1
DA:371,1
DA:372,1
DA:376,1
DA:377,2
DA:378,1
DA:379,1
DA:380,1
DA:381,1
DA:385,1
DA:389,0
DA:392,11
DA:401,0
DA:402,0
DA:403,0
DA:411,11
DA:412,0
DA:413,0
DA:418,0
DA:423,1
DA:427,11
DA:428,11
DA:429,11
DA:430,10
DA:432,11
DA:436,11
DA:439,11
DA:440,10
DA:441,0
DA:442,0
DA:445,1
DA:447,11
DA:456,12
DA:457,12
DA:458,12
DA:460,12
DA:461,12
DA:462,12
DA:463,12
DA:464,12
DA:465,12
DA:466,12
DA:471,12
DA:472,12
DA:473,12
DA:477,0
DA:478,0
DA:479,0
DA:480,0
DA:482,0
DA:483,0
DA:487,0
DA:488,0
DA:493,0
DA:494,0
DA:495,0
DA:496,0
DA:500,12
DA:501,12
DA:502,12
DA:503,12
DA:504,12
DA:505,12
DA:506,13
DA:507,12
DA:509,12
DA:512,11
DA:513,12
DA:514,12
DA:515,12
DA:516,12
DA:518,0
DA:519,0
DA:520,0
DA:522,12
DA:525,12
DA:529,12
DA:530,12
DA:531,12
DA:532,12
DA:533,12
DA:535,12
DA:536,12
DA:537,11
DA:546,3
DA:554,0
DA:556,3
DA:557,3
DA:558,3
DA:559,3
DA:561,3
DA:562,3
DA:563,3
DA:564,3
DA:565,3
DA:567,3
DA:568,3
DA:569,2
DA:570,2
DA:571,3
DA:572,2
DA:573,2
DA:574,1
DA:576,2
DA:577,2
DA:578,2
DA:579,2
DA:580,2
DA:583,1
DA:584,1
DA:586,3
DA:587,3
DA:593,0
DA:594,0
DA:602,12
DA:604,13
DA:605,12
DA:606,11
DA:607,11
DA:608,11
DA:609,11
DA:610,11
DA:612,11
DA:613,0
DA:614,0
DA:616,11
DA:617,0
DA:618,0
DA:619,0
DA:621,0
DA:622,0
DA:623,0
DA:626,0
DA:627,0
DA:629,11
DA:631,1
DA:632,1
DA:633,1
DA:635,1
DA:636,1
DA:641,11
DA:646,1
DA:647,1
DA:648,1
DA:652,1
DA:653,0
DA:654,0
DA:655,0
DA:659,1
DA:660,0
DA:661,1
DA:662,1
DA:663,1
DA:664,0
DA:665,0
DA:670,0
DA:671,0
DA:672,0
DA:673,0
DA:674,0
DA:675,0
DA:676,0
DA:677,0
DA:678,0
DA:679,0
DA:680,0
DA:681,0
DA:682,0
DA:683,0
DA:684,0
DA:685,0
DA:686,0
DA:687,0
DA:688,0
DA:690,0
DA:692,0
DA:693,0
DA:694,0
DA:695,0
DA:696,0
DA:698,0
DA:699,0
DA:700,0
DA:702,0
DA:714,11
DA:715,11
DA:716,3
DA:717,3
DA:719,11
DA:720,3
DA:721,3
DA:722,3
DA:726,2
DA:731,1
DA:732,1
DA:738,4
DA:739,1
DA:740,1
DA:742,3
DA:743,3
DA:744,3
DA:745,2
DA:746,2
DA:747,2
DA:749,1
DA:754,2
DA:755,2
DA:756,2
DA:757,2
DA:758,2
DA:759,1
DA:760,1
DA:761,1
DA:762,1
DA:763,1
DA:764,1
DA:765,1
DA:768,1
DA:773,29
DA:774,4
DA:775,4
DA:779,4
DA:784,41
DA:785,12
DA:786,12
DA:791,12
DA:792,12
DA:793,0
DA:794,0
DA:795,0
DA:800,24
DA:801,24
DA:802,24
DA:803,24
DA:804,24
DA:805,0
DA:806,0
DA:808,24
DA:809,24
DA:810,24
DA:811,24
DA:812,24
DA:813,24
DA:814,24
DA:815,24
DA:819,13
DA:823,4
DA:824,4
DA:825,4
DA:829,4
DA:832,0
DA:833,0
DA:838,1
DA:839,1
DA:840,1
DA:841,1
DA:843,0
DA:844,0
DA:852,2
DA:853,2
DA:854,2
DA:855,2
DA:856,2
DA:857,2
DA:858,0
DA:859,0
DA:861,2
DA:862,2
DA:863,2
DA:864,2
DA:865,2
DA:866,2
DA:867,2
DA:869,2
DA:870,2
DA:874,4
DA:876,0
DA:878,4
DA:879,4
DA:880,4
DA:883,4
DA:884,4
DA:885,4
DA:886,4
DA:887,4
DA:890,11
DA:893,5
DA:894,5
DA:895,5
DA:896,5
DA:897,5
DA:898,1
DA:899,0
DA:901,0
DA:905,7
DA:906,2
DA:907,1
DA:909,1
DA:910,1
DA:911,0
DA:912,0
DA:914,1
DA:915,0
DA:916,0
DA:918,1
DA:919,1
DA:920,1
DA:922,1
DA:923,0
DA:924,0
DA:926,1
DA:927,1
DA:928,1
DA:929,1
DA:930,1
DA:932,1
DA:933,1
DA:934,1
DA:939,4
DA:940,4
DA:941,4
DA:942,4
DA:943,4
DA:945,6
DA:946,6
DA:948,0
DA:951,6
DA:952,3
DA:953,2
DA:955,5
DA:956,1
DA:957,4
DA:959,1
DA:960,1
DA:962,1
DA:963,1
DA:965,1
DA:966,1
DA:967,3
DA:968,1
DA:969,2
DA:970,1
DA:971,1
DA:974,4
DA:975,1
DA:976,1
DA:979,4
DA:980,4
DA:983,4
DA:987,1
DA:988,1
DA:989,1
DA:990,0
DA:991,0
DA:995,1
DA:996,1
DA:997,1
DA:998,1
DA:999,1
DA:1003,1
DA:1004,1
DA:1005,1
DA:1006,1
DA:1007,1
DA:1008,1
DA:1010,1
DA:1013,1
DA:1014,1
DA:1015,1
DA:1018,1
DA:1020,1
DA:1022,1
DA:1023,1
DA:1024,1
DA:1025,1
DA:1026,1
DA:1027,1
DA:1029,0
DA:1030,0
DA:1031,0
DA:1039,1
DA:1040,0
DA:1041,0
DA:1042,0
DA:1043,0
DA:1044,0
DA:1045,0
DA:1046,0
DA:1048,1
DA:1049,1
DA:1050,1
DA:1051,1
DA:1052,1
DA:1053,1
DA:1054,1
DA:1055,1
DA:1056,1
DA:1057,0
DA:1058,0
DA:1060,1
DA:1064,1
DA:1066,1
DA:1067,1
DA:1068,1
DA:1069,1
DA:1070,1
DA:1071,1
DA:1072,1
DA:1073,1
DA:1074,1
DA:1075,1
DA:1076,1
DA:1077,1
DA:1078,1
DA:1079,1
DA:1080,1
DA:1083,1
DA:1084,1
DA:1085,1
DA:1088,1
DA:1089,1
DA:1093,1
DA:1094,1
DA:1095,1
DA:1096,1
DA:1100,0
DA:1102,0
DA:1103,0
DA:1105,1
DA:1106,1
DA:1107,1
DA:1108,1
DA:1121,4
DA:1122,4
DA:1123,4
DA:1124,4
DA:1125,4
DA:1126,4
DA:1127,4
DA:1129,4
DA:1130,4
DA:1131,4
DA:1133,4
DA:1134,4
DA:1135,4
DA:1137,4
DA:1138,4
DA:1141,4
DA:1142,0
DA:1144,4
DA:1148,0
DA:1154,0
DA:1155,0
DA:1156,0
DA:1157,0
DA:1159,0
DA:1160,0
DA:1161,0
DA:1163,4
DA:1172,3
DA:1173,3
DA:1175,3
DA:1178,3
DA:1179,3
DA:1180,3
DA:1181,0
DA:1182,0
DA:1184,3
DA:1185,3
DA:1186,0
DA:1188,3
DA:1189,3
DA:1190,3
DA:1191,3
DA:1192,3
DA:1193,3
DA:1194,3
DA:1195,3
DA:1196,3
DA:1198,3
DA:1199,3
DA:1201,0
DA:1202,0
DA:1203,0
DA:1204,0
DA:1206,3
DA:1207,3
DA:1212,3
DA:1213,3
DA:1214,3
DA:1215,3
DA:1216,3
DA:1218,0
DA:1219,0
DA:1220,0
DA:1221,0
DA:1222,0
DA:1224,0
DA:1226,0
DA:1228,3
DA:1230,0
DA:1231,0
DA:1232,0
DA:1233,0
DA:1234,0
DA:1235,0
DA:1240,1
DA:1241,1
DA:1242,1
DA:1243,1
DA:1244,0
DA:1245,0
DA:1247,1
DA:1248,1
DA:1249,1
DA:1254,1
DA:1255,1
DA:1256,1
DA:1261,2
DA:1262,2
DA:1263,2
DA:1265,1
DA:1266,1
DA:1267,1
DA:1268,1
DA:1269,1
DA:1270,1
DA:1271,1
DA:1272,1
DA:1273,1
DA:1274,1
DA:1275,1
DA:1276,0
DA:1277,0
DA:1278,0
DA:1279,0
DA:1281,1
DA:1282,2
DA:1283,2
DA:1285,0
DA:1286,0
DA:1287,0
DA:1288,0
DA:1292,11
DA:1293,0
DA:1296,11
DA:1297,11
DA:1299,0
DA:1300,0
DA:1301,0
DA:1302,0
DA:1303,0
DA:1304,0
DA:1305,0
DA:1309,11
DA:1310,11
DA:1312,11
DA:1313,11
DA:1314,11
DA:1315,11
DA:1316,11
DA:1319,11
LF:733
LH:533
BRDA:106,0,0,0
BRDA:106,0,1,1
BRDA:108,1,0,1
BRDA:108,1,1,0
BRDA:113,2,0,31
BRDA:115,3,0,1
BRDA:115,3,1,30
BRDA:115,4,0,31
BRDA:115,4,1,1
BRDA:115,4,2,0
BRDA:122,5,0,0
BRDA:122,5,1,2
BRDA:123,6,0,0
BRDA:123,6,1,2
BRDA:131,7,0,1
BRDA:131,7,1,2
BRDA:165,8,0,0
BRDA:165,8,1,0
BRDA:184,9,0,5
BRDA:184,9,1,4
BRDA:186,10,0,10
BRDA:186,10,1,8
BRDA:186,10,2,8
BRDA:186,10,3,8
BRDA:188,11,0,7
BRDA:188,11,1,5
BRDA:190,12,0,0
BRDA:190,12,1,0
BRDA:190,12,2,0
BRDA:193,13,0,0
BRDA:193,13,1,0
BRDA:193,13,2,0
BRDA:193,13,3,0
BRDA:197,14,0,0
BRDA:197,14,1,0
BRDA:198,15,0,0
BRDA:198,15,1,0
BRDA:199,16,0,0
BRDA:199,16,1,0
BRDA:200,17,0,0
BRDA:200,17,1,0
BRDA:204,18,0,0
BRDA:204,18,1,0
BRDA:205,19,0,0
BRDA:205,19,1,0
BRDA:206,20,0,0
BRDA:206,20,1,0
BRDA:206,21,0,0
BRDA:206,21,1,0
BRDA:215,22,0,0
BRDA:215,22,1,0
BRDA:215,22,2,0
BRDA:215,22,3,0
BRDA:221,23,0,0
BRDA:221,23,1,2
BRDA:223,24,0,0
BRDA:223,24,1,2
BRDA:231,25,0,0
BRDA:231,25,1,0
BRDA:232,26,0,0
BRDA:232,26,1,0
BRDA:236,27,0,7
BRDA:236,27,1,0
BRDA:236,28,0,7
BRDA:236,28,1,0
BRDA:244,29,0,0
BRDA:244,29,1,1
BRDA:244,29,2,0
BRDA:244,29,3,0
BRDA:257,30,0,0
BRDA:257,30,1,1
BRDA:257,30,2,0
BRDA:257,30,3,0
BRDA:270,31,0,0
BRDA:270,31,1,1
BRDA:270,31,2,0
BRDA:270,31,3,0
BRDA:283,32,0,0
BRDA:283,32,1,1
BRDA:283,32,2,0
BRDA:283,32,3,0
BRDA:296,33,0,2
BRDA:296,33,1,0
BRDA:296,34,0,2
BRDA:296,34,1,2
BRDA:300,35,0,0
BRDA:300,35,1,0
BRDA:301,36,0,0
BRDA:301,36,1,2
BRDA:308,37,0,0
BRDA:308,37,1,2
BRDA:310,38,0,2
BRDA:310,38,1,0
BRDA:312,39,0,0
BRDA:312,39,1,0
BRDA:315,40,0,2
BRDA:315,40,1,0
BRDA:316,41,0,2
BRDA:316,41,1,0
BRDA:317,42,0,2
BRDA:317,42,1,0
BRDA:319,43,0,0
BRDA:319,43,1,0
BRDA:327,44,0,0
BRDA:327,44,1,0
BRDA:327,44,2,0
BRDA:327,44,3,0
BRDA:335,45,0,0
BRDA:335,45,1,0
BRDA:335,45,2,0
BRDA:335,45,3,0
BRDA:335,45,4,0
BRDA:335,45,5,0
BRDA:341,46,0,0
BRDA:341,46,1,0
BRDA:342,47,0,0
BRDA:342,47,1,0
BRDA:343,48,0,0
BRDA:343,48,1,0
BRDA:347,49,0,0
BRDA:347,49,1,0
BRDA:348,50,0,0
BRDA:348,50,1,0
BRDA:352,51,0,0
BRDA:352,51,1,0
BRDA:354,52,0,0
BRDA:354,52,1,0
BRDA:354,53,0,0
BRDA:354,53,1,0
BRDA:354,53,2,0
BRDA:369,54,0,0
BRDA:369,54,1,1
BRDA:376,55,0,0
BRDA:376,55,1,1
BRDA:401,56,0,0
BRDA:401,56,1,0
BRDA:411,57,0,0
BRDA:411,57,1,11
BRDA:411,58,0,11
BRDA:411,58,1,0
BRDA:411,58,2,0
BRDA:418,59,0,0
BRDA:418,59,1,0
BRDA:423,60,0,1
BRDA:423,60,1,1
BRDA:430,61,0,10
BRDA:430,61,1,0
BRDA:432,62,0,10
BRDA:432,62,1,0
BRDA:433,63,0,10
BRDA:433,63,1,8
BRDA:436,64,0,11
BRDA:436,64,1,2
BRDA:436,64,2,1
BRDA:436,64,3,9
BRDA:436,64,4,9
BRDA:436,64,5,0
BRDA:439,65,0,10
BRDA:439,65,1,0
BRDA:439,66,0,11
BRDA:439,66,1,10
BRDA:441,67,0,0
BRDA:441,67,1,0
BRDA:445,68,0,1
BRDA:445,68,1,0
BRDA:457,69,0,12
BRDA:457,69,1,0
BRDA:465,70,0,12
BRDA:465,70,1,0
BRDA:477,71,0,0
BRDA:477,71,1,0
BRDA:478,72,0,0
BRDA:478,72,1,0
BRDA:479,73,0,0
BRDA:479,73,1,0
BRDA:483,74,0,0
BRDA:483,74,1,0
BRDA:487,75,0,0
BRDA:487,75,1,0
BRDA:493,76,0,0
BRDA:493,76,1,0
BRDA:509,77,0,1
BRDA:509,77,1,11
BRDA:512,78,0,0
BRDA:512,78,1,11
BRDA:512,79,0,11
BRDA:512,79,1,12
BRDA:513,80,0,12
BRDA:513,80,1,0
BRDA:514,81,0,1
BRDA:514,81,1,11
BRDA:516,82,0,0
BRDA:516,82,1,12
BRDA:516,83,0,12
BRDA:516,83,1,12
BRDA:518,84,0,0
BRDA:518,84,1,0
BRDA:518,85,0,0
BRDA:518,85,1,0
BRDA:522,86,0,12
BRDA:522,86,1,0
BRDA:522,87,0,12
BRDA:522,87,1,12
BRDA:529,88,0,0
BRDA:529,88,1,12
BRDA:529,89,0,12
BRDA:529,89,1,12
BRDA:529,89,2,12
BRDA:532,90,0,0
BRDA:532,90,1,12
BRDA:532,91,0,12
BRDA:532,91,1,12
BRDA:536,92,0,1
BRDA:536,92,1,11
BRDA:536,93,0,12
BRDA:536,93,1,11
BRDA:546,94,0,0
BRDA:546,94,1,3
BRDA:547,95,0,3
BRDA:547,95,1,3
BRDA:547,95,2,3
BRDA:547,95,3,3
BRDA:547,95,4,3
BRDA:547,95,5,3
BRDA:559,96,0,0
BRDA:559,96,1,3
BRDA:564,97,0,3
BRDA:564,97,1,0
BRDA:565,98,0,3
BRDA:565,98,1,0
BRDA:569,99,0,0
BRDA:569,99,1,2
BRDA:569,100,0,2
BRDA:569,100,1,2
BRDA:570,101,0,2
BRDA:570,101,1,0
BRDA:571,102,0,1
BRDA:571,102,1,2
BRDA:579,103,0,2
BRDA:579,103,1,0
BRDA:583,104,0,0
BRDA:583,104,1,1
BRDA:583,105,0,1
BRDA:583,105,1,1
BRDA:586,106,0,3
BRDA:586,106,1,0
BRDA:586,107,0,3
BRDA:586,107,1,3
BRDA:593,108,0,0
BRDA:593,108,1,0
BRDA:593,109,0,0
BRDA:593,109,1,0
BRDA:602,110,0,0
BRDA:602,110,1,12
BRDA:605,111,0,1
BRDA:605,111,1,11
BRDA:612,112,0,0
BRDA:612,112,1,11
BRDA:616,113,0,0
BRDA:616,113,1,11
BRDA:616,114,0,11
BRDA:616,114,1,1
BRDA:616,114,2,0
BRDA:618,115,0,0
BRDA:618,115,1,0
BRDA:621,116,0,0
BRDA:621,116,1,0
BRDA:621,117,0,0
BRDA:621,117,1,0
BRDA:622,118,0,0
BRDA:622,118,1,0
BRDA:622,119,0,0
BRDA:622,119,1,0
BRDA:626,120,0,0
BRDA:626,120,1,0
BRDA:629,121,0,1
BRDA:629,121,1,10
BRDA:629,122,0,11
BRDA:629,122,1,1
BRDA:629,122,2,1
BRDA:632,123,0,1
BRDA:632,123,1,0
BRDA:633,124,0,1
BRDA:633,124,1,0
BRDA:635,125,0,1
BRDA:635,125,1,0
BRDA:636,126,0,1
BRDA:636,126,1,0
BRDA:647,127,0,0
BRDA:647,127,1,1
BRDA:647,128,0,1
BRDA:647,128,1,1
BRDA:652,129,0,1
BRDA:652,129,1,0
BRDA:659,130,0,1
BRDA:659,130,1,0
BRDA:662,131,0,1
BRDA:662,131,1,0
BRDA:662,132,0,1
BRDA:662,132,1,1
BRDA:664,133,0,0
BRDA:664,133,1,0
BRDA:664,134,0,0
BRDA:664,134,1,0
BRDA:664,134,2,0
BRDA:670,135,0,0
BRDA:670,135,1,0
BRDA:685,136,0,0
BRDA:685,136,1,0
BRDA:685,137,0,0
BRDA:685,137,1,0
BRDA:685,137,2,0
BRDA:687,138,0,0
BRDA:687,138,1,0
BRDA:687,139,0,0
BRDA:687,139,1,0
BRDA:693,140,0,0
BRDA:693,140,1,0
BRDA:693,141,0,0
BRDA:693,141,1,0
BRDA:694,142,0,0
BRDA:694,142,1,0
BRDA:694,143,0,0
BRDA:694,143,1,0
BRDA:695,144,0,0
BRDA:695,144,1,0
BRDA:699,145,0,0
BRDA:699,145,1,0
BRDA:700,146,0,0
BRDA:700,146,1,0
BRDA:702,147,0,0
BRDA:702,147,1,0
BRDA:714,148,0,0
BRDA:714,148,1,11
BRDA:716,149,0,0
BRDA:716,149,1,3
BRDA:716,150,0,3
BRDA:716,150,1,3
BRDA:720,151,0,0
BRDA:720,151,1,3
BRDA:727,152,0,2
BRDA:727,152,1,0
BRDA:728,153,0,3
BRDA:728,153,1,0
BRDA:732,154,0,1
BRDA:732,154,1,0
BRDA:738,155,0,1
BRDA:738,155,1,3
BRDA:742,156,0,0
BRDA:742,156,1,3
BRDA:747,157,0,0
BRDA:747,157,1,2
BRDA:749,158,0,1
BRDA:749,158,1,0
BRDA:754,159,0,0
BRDA:754,159,1,2
BRDA:756,160,0,0
BRDA:756,160,1,2
BRDA:760,161,0,1
BRDA:760,161,1,0
BRDA:765,162,0,0
BRDA:765,162,1,1
BRDA:768,163,0,1
BRDA:768,163,1,0
BRDA:773,164,0,4
BRDA:773,164,1,25
BRDA:784,165,0,12
BRDA:784,165,1,29
BRDA:793,166,0,0
BRDA:793,166,1,0
BRDA:794,167,0,0
BRDA:794,167,1,0
BRDA:804,168,0,0
BRDA:804,168,1,24
BRDA:819,169,0,9
BRDA:819,169,1,4
BRDA:823,170,0,0
BRDA:823,170,1,4
BRDA:823,171,0,4
BRDA:823,171,1,4
BRDA:829,172,0,4
BRDA:829,172,1,0
BRDA:829,173,0,4
BRDA:829,173,1,0
BRDA:833,174,0,0
BRDA:833,174,1,0
BRDA:838,175,0,0
BRDA:838,175,1,1
BRDA:838,176,0,1
BRDA:838,176,1,1
BRDA:841,177,0,1
BRDA:841,177,1,0
BRDA:844,178,0,0
BRDA:844,178,1,0
BRDA:852,179,0,0
BRDA:852,179,1,2
BRDA:857,180,0,0
BRDA:857,180,1,2
BRDA:866,181,0,2
BRDA:866,181,1,0
BRDA:874,182,0,0
BRDA:874,182,1,4
BRDA:878,183,0,0
BRDA:878,183,1,4
BRDA:879,184,0,0
BRDA:879,184,1,4
BRDA:883,185,0,0
BRDA:883,185,1,4
BRDA:887,186,0,4
BRDA:887,186,1,0
BRDA:894,187,0,0
BRDA:894,187,1,5
BRDA:896,188,0,0
BRDA:896,188,1,5
BRDA:897,189,0,4
BRDA:897,189,1,1
BRDA:898,190,0,1
BRDA:898,190,1,0
BRDA:898,191,0,1
BRDA:898,191,1,0
BRDA:905,192,0,5
BRDA:905,192,1,2
BRDA:906,193,0,1
BRDA:906,193,1,1
BRDA:906,194,0,2
BRDA:906,194,1,2
BRDA:940,195,0,0
BRDA:940,195,1,4
BRDA:951,196,0,3
BRDA:951,196,1,3
BRDA:952,197,0,1
BRDA:952,197,1,2
BRDA:955,198,0,1
BRDA:955,198,1,4
BRDA:955,199,0,5
BRDA:955,199,1,1
BRDA:957,200,0,1
BRDA:957,200,1,3
BRDA:959,201,0,1
BRDA:959,201,1,0
BRDA:962,202,0,1
BRDA:962,202,1,0
BRDA:965,203,0,1
BRDA:965,203,1,0
BRDA:967,204,0,1
BRDA:967,204,1,2
BRDA:969,205,0,1
BRDA:969,205,1,1
BRDA:970,206,0,1
BRDA:970,206,1,0
BRDA:971,207,0,1
BRDA:971,207,1,0
BRDA:971,207,2,0
BRDA:975,208,0,1
BRDA:975,208,1,0
BRDA:975,209,0,1
BRDA:975,209,1,1
BRDA:975,209,2,1
BRDA:980,210,0,4
BRDA:980,210,1,0
BRDA:987,211,0,0
BRDA:987,211,1,1
BRDA:989,212,0,1
BRDA:989,212,1,0
BRDA:1003,213,0,0
BRDA:1003,213,1,1
BRDA:1010,214,0,0
BRDA:1010,214,1,1
BRDA:1013,215,0,0
BRDA:1013,215,1,1
BRDA:1013,216,0,1
BRDA:1013,216,1,1
BRDA:1014,217,0,1
BRDA:1014,217,1,0
BRDA:1015,218,0,0
BRDA:1015,218,1,1
BRDA:1018,219,0,1
BRDA:1018,219,1,0
BRDA:1018,220,0,1
BRDA:1018,220,1,1
BRDA:1018,220,2,1
BRDA:1023,221,0,0
BRDA:1023,221,1,1
BRDA:1023,222,0,1
BRDA:1023,222,1,1
BRDA:1024,223,0,1
BRDA:1024,223,1,0
BRDA:1029,224,0,0
BRDA:1029,224,1,0
BRDA:1029,225,0,0
BRDA:1029,225,1,0
BRDA:1039,226,0,0
BRDA:1039,226,1,1
BRDA:1039,227,0,1
BRDA:1039,227,1,1
BRDA:1056,228,0,0
BRDA:1056,228,1,1
BRDA:1064,229,0,0
BRDA:1064,229,1,1
BRDA:1075,230,0,1
BRDA:1075,230,1,0
BRDA:1080,231,0,0
BRDA:1080,231,1,1
BRDA:1083,232,0,1
BRDA:1083,232,1,0
BRDA:1083,233,0,1
BRDA:1083,233,1,1
BRDA:1084,234,0,1
BRDA:1084,234,1,0
BRDA:1085,235,0,0
BRDA:1085,235,1,1
BRDA:1088,236,0,1
BRDA:1088,236,1,0
BRDA:1088,237,0,1
BRDA:1088,237,1,1
BRDA:1088,237,2,1
BRDA:1093,238,0,1
BRDA:1093,238,1,0
BRDA:1095,239,0,1
BRDA:1095,239,1,0
BRDA:1095,240,0,1
BRDA:1095,240,1,1
BRDA:1100,241,0,0
BRDA:1100,241,1,0
BRDA:1102,242,0,0
BRDA:1102,242,1,0
BRDA:1106,243,0,0
BRDA:1106,243,1,1
BRDA:1106,244,0,1
BRDA:1106,244,1,1
BRDA:1121,245,0,4
BRDA:1121,245,1,0
BRDA:1135,246,0,0
BRDA:1135,246,1,4
BRDA:1135,247,0,4
BRDA:1135,247,1,4
BRDA:1135,247,2,4
BRDA:1138,248,0,4
BRDA:1138,248,1,0
BRDA:1139,249,0,4
BRDA:1139,249,1,0
BRDA:1140,250,0,0
BRDA:1140,250,1,0
BRDA:1141,251,0,0
BRDA:1141,251,1,4
BRDA:1141,252,0,4
BRDA:1141,252,1,4
BRDA:1154,253,0,0
BRDA:1154,253,1,0
BRDA:1154,254,0,0
BRDA:1154,254,1,0
BRDA:1155,255,0,0
BRDA:1155,255,1,0
BRDA:1155,256,0,0
BRDA:1155,256,1,0
BRDA:1156,257,0,0
BRDA:1156,257,1,0
BRDA:1160,258,0,0
BRDA:1160,258,1,0
BRDA:1161,259,0,0
BRDA:1161,259,1,0
BRDA:1161,260,0,0
BRDA:1161,260,1,0
BRDA:1163,261,0,4
BRDA:1163,261,1,0
BRDA:1173,262,0,3
BRDA:1173,262,1,3
BRDA:1175,263,0,0
BRDA:1175,263,1,3
BRDA:1178,264,0,0
BRDA:1178,264,1,3
BRDA:1178,265,0,3
BRDA:1178,265,1,0
BRDA:1178,265,2,3
BRDA:1179,266,0,0
BRDA:1179,266,1,3
BRDA:1180,267,0,0
BRDA:1180,267,1,3
BRDA:1184,268,0,0
BRDA:1184,268,1,3
BRDA:1185,269,0,3
BRDA:1185,269,1,0
BRDA:1195,270,0,3
BRDA:1195,270,1,0
BRDA:1198,271,0,0
BRDA:1198,271,1,3
BRDA:1199,272,0,0
BRDA:1199,272,1,3
BRDA:1199,273,0,3
BRDA:1199,273,1,3
BRDA:1199,273,2,3
BRDA:1206,274,0,0
BRDA:1206,274,1,3
BRDA:1210,275,0,0
BRDA:1210,275,1,3
BRDA:1216,276,0,0
BRDA:1216,276,1,3
BRDA:1216,277,0,3
BRDA:1216,277,1,3
BRDA:1216,277,2,3
BRDA:1219,278,0,0
BRDA:1219,278,1,0
BRDA:1233,279,0,0
BRDA:1233,279,1,0
BRDA:1234,280,0,0
BRDA:1234,280,1,0
BRDA:1235,281,0,0
BRDA:1235,281,1,0
BRDA:1240,282,0,0
BRDA:1240,282,1,1
BRDA:1243,283,0,0
BRDA:1243,283,1,1
BRDA:1247,284,0,1
BRDA:1247,284,1,0
BRDA:1247,285,0,1
BRDA:1247,285,1,1
BRDA:1261,286,0,0
BRDA:1261,286,1,2
BRDA:1262,287,0,2
BRDA:1262,287,1,1
BRDA:1263,288,0,1
BRDA:1263,288,1,1
BRDA:1275,289,0,0
BRDA:1275,289,1,1
BRDA:1275,290,0,1
BRDA:1275,290,1,1
BRDA:1275,290,2,1
BRDA:1281,291,0,1
BRDA:1281,291,1,0
BRDA:1282,292,0,2
BRDA:1282,292,1,1
BRDA:1288,293,0,0
BRDA:1288,293,1,0
BRF:633
BRH:298
end_of_record
