{"/root/workspace/approving/web/src/lib/inbox/useClarifyChat.ts": {"path":"/root/workspace/approving/web/src/lib/inbox/useClarifyChat.ts","statementMap":{"0":{"start":{"line":43,"column":2},"end":{"line":43,"column":null}},"1":{"start":{"line":43,"column":21},"end":{"line":43,"column":null}},"2":{"start":{"line":44,"column":2},"end":{"line":44,"column":null}},"3":{"start":{"line":44,"column":26},"end":{"line":44,"column":35}},"4":{"start":{"line":49,"column":2},"end":{"line":49,"column":null}},"5":{"start":{"line":49,"column":21},"end":{"line":49,"column":null}},"6":{"start":{"line":50,"column":2},"end":{"line":50,"column":null}},"7":{"start":{"line":50,"column":27},"end":{"line":50,"column":37}},"8":{"start":{"line":89,"column":14},"end":{"line":89,"column":null}},"9":{"start":{"line":90,"column":20},"end":{"line":90,"column":null}},"10":{"start":{"line":91,"column":20},"end":{"line":91,"column":null}},"11":{"start":{"line":111,"column":6},"end":{"line":111,"column":null}},"12":{"start":{"line":111,"column":43},"end":{"line":111,"column":84}},"13":{"start":{"line":113,"column":29},"end":{"line":113,"column":null}},"14":{"start":{"line":115,"column":6},"end":{"line":115,"column":null}},"15":{"start":{"line":115,"column":38},"end":{"line":115,"column":55}},"16":{"start":{"line":117,"column":6},"end":{"line":121,"column":null}},"17":{"start":{"line":118,"column":2},"end":{"line":118,"column":null}},"18":{"start":{"line":118,"column":24},"end":{"line":118,"column":null}},"19":{"start":{"line":119,"column":2},"end":{"line":119,"column":null}},"20":{"start":{"line":119,"column":36},"end":{"line":119,"column":null}},"21":{"start":{"line":120,"column":2},"end":{"line":120,"column":null}},"22":{"start":{"line":123,"column":6},"end":{"line":123,"column":null}},"23":{"start":{"line":125,"column":6},"end":{"line":125,"column":null}},"24":{"start":{"line":128,"column":6},"end":{"line":128,"column":null}},"25":{"start":{"line":130,"column":6},"end":{"line":130,"column":null}},"26":{"start":{"line":131,"column":6},"end":{"line":139,"column":null}},"27":{"start":{"line":133,"column":4},"end":{"line":138,"column":null}},"28":{"start":{"line":140,"column":6},"end":{"line":142,"column":null}},"29":{"start":{"line":141,"column":8},"end":{"line":141,"column":null}},"30":{"start":{"line":145,"column":2},"end":{"line":145,"column":null}},"31":{"start":{"line":145,"column":26},"end":{"line":145,"column":null}},"32":{"start":{"line":146,"column":8},"end":{"line":146,"column":null}},"33":{"start":{"line":147,"column":2},"end":{"line":147,"column":null}},"34":{"start":{"line":147,"column":12},"end":{"line":147,"column":null}},"35":{"start":{"line":148,"column":2},"end":{"line":148,"column":null}},"36":{"start":{"line":151,"column":6},"end":{"line":156,"column":null}},"37":{"start":{"line":152,"column":15},"end":{"line":152,"column":null}},"38":{"start":{"line":153,"column":17},"end":{"line":153,"column":null}},"39":{"start":{"line":154,"column":2},"end":{"line":154,"column":null}},"40":{"start":{"line":154,"column":36},"end":{"line":154,"column":null}},"41":{"start":{"line":155,"column":2},"end":{"line":155,"column":null}},"42":{"start":{"line":159,"column":15},"end":{"line":159,"column":null}},"43":{"start":{"line":160,"column":2},"end":{"line":160,"column":null}},"44":{"start":{"line":160,"column":13},"end":{"line":160,"column":null}},"45":{"start":{"line":161,"column":19},"end":{"line":161,"column":null}},"46":{"start":{"line":162,"column":14},"end":{"line":162,"column":null}},"47":{"start":{"line":162,"column":36},"end":{"line":162,"column":61}},"48":{"start":{"line":163,"column":2},"end":{"line":171,"column":null}},"49":{"start":{"line":164,"column":14},"end":{"line":164,"column":null}},"50":{"start":{"line":165,"column":4},"end":{"line":169,"column":null}},"51":{"start":{"line":166,"column":19},"end":{"line":166,"column":null}},"52":{"start":{"line":167,"column":6},"end":{"line":167,"column":null}},"53":{"start":{"line":168,"column":6},"end":{"line":168,"column":null}},"54":{"start":{"line":170,"column":4},"end":{"line":170,"column":null}},"55":{"start":{"line":172,"column":2},"end":{"line":172,"column":null}},"56":{"start":{"line":174,"column":6},"end":{"line":174,"column":null}},"57":{"start":{"line":176,"column":6},"end":{"line":176,"column":null}},"58":{"start":{"line":177,"column":6},"end":{"line":177,"column":null}},"59":{"start":{"line":178,"column":20},"end":{"line":180,"column":null}},"60":{"start":{"line":179,"column":2},"end":{"line":179,"column":null}},"61":{"start":{"line":182,"column":6},"end":{"line":182,"column":null}},"62":{"start":{"line":183,"column":6},"end":{"line":183,"column":null}},"63":{"start":{"line":183,"column":68},"end":{"line":183,"column":70}},"64":{"start":{"line":184,"column":21},"end":{"line":186,"column":null}},"65":{"start":{"line":185,"column":2},"end":{"line":185,"column":null}},"66":{"start":{"line":191,"column":19},"end":{"line":191,"column":null}},"67":{"start":{"line":192,"column":6},"end":{"line":199,"column":null}},"68":{"start":{"line":195,"column":4},"end":{"line":195,"column":null}},"69":{"start":{"line":197,"column":4},"end":{"line":197,"column":null}},"70":{"start":{"line":197,"column":20},"end":{"line":197,"column":null}},"71":{"start":{"line":200,"column":6},"end":{"line":206,"column":null}},"72":{"start":{"line":203,"column":4},"end":{"line":203,"column":null}},"73":{"start":{"line":204,"column":4},"end":{"line":204,"column":null}},"74":{"start":{"line":204,"column":20},"end":{"line":204,"column":null}},"75":{"start":{"line":211,"column":6},"end":{"line":211,"column":null}},"76":{"start":{"line":212,"column":6},"end":{"line":212,"column":null}},"77":{"start":{"line":213,"column":6},"end":{"line":213,"column":null}},"78":{"start":{"line":214,"column":6},"end":{"line":214,"column":null}},"79":{"start":{"line":215,"column":6},"end":{"line":215,"column":null}},"80":{"start":{"line":216,"column":6},"end":{"line":216,"column":null}},"81":{"start":{"line":219,"column":24},"end":{"line":219,"column":null}},"82":{"start":{"line":220,"column":6},"end":{"line":220,"column":null}},"83":{"start":{"line":222,"column":6},"end":{"line":222,"column":null}},"84":{"start":{"line":223,"column":6},"end":{"line":223,"column":null}},"85":{"start":{"line":223,"column":37},"end":{"line":223,"column":83}},"86":{"start":{"line":224,"column":6},"end":{"line":226,"column":null}},"87":{"start":{"line":225,"column":2},"end":{"line":225,"column":null}},"88":{"start":{"line":228,"column":6},"end":{"line":230,"column":null}},"89":{"start":{"line":229,"column":8},"end":{"line":229,"column":null}},"90":{"start":{"line":233,"column":2},"end":{"line":233,"column":null}},"91":{"start":{"line":237,"column":13},"end":{"line":237,"column":null}},"92":{"start":{"line":238,"column":2},"end":{"line":238,"column":null}},"93":{"start":{"line":238,"column":11},"end":{"line":238,"column":null}},"94":{"start":{"line":239,"column":2},"end":{"line":244,"column":null}},"95":{"start":{"line":240,"column":4},"end":{"line":240,"column":null}},"96":{"start":{"line":241,"column":4},"end":{"line":241,"column":null}},"97":{"start":{"line":243,"column":4},"end":{"line":243,"column":null}},"98":{"start":{"line":248,"column":2},"end":{"line":248,"column":null}},"99":{"start":{"line":249,"column":13},"end":{"line":249,"column":null}},"100":{"start":{"line":250,"column":2},"end":{"line":250,"column":null}},"101":{"start":{"line":250,"column":11},"end":{"line":250,"column":null}},"102":{"start":{"line":251,"column":2},"end":{"line":255,"column":null}},"103":{"start":{"line":252,"column":4},"end":{"line":252,"column":null}},"104":{"start":{"line":253,"column":4},"end":{"line":253,"column":null}},"105":{"start":{"line":254,"column":4},"end":{"line":254,"column":null}},"106":{"start":{"line":265,"column":2},"end":{"line":265,"column":null}},"107":{"start":{"line":266,"column":2},"end":{"line":266,"column":null}},"108":{"start":{"line":267,"column":2},"end":{"line":267,"column":null}},"109":{"start":{"line":268,"column":2},"end":{"line":270,"column":null}},"110":{"start":{"line":269,"column":4},"end":{"line":269,"column":null}},"111":{"start":{"line":274,"column":2},"end":{"line":274,"column":null}},"112":{"start":{"line":277,"column":22},"end":{"line":277,"column":null}},"113":{"start":{"line":278,"column":22},"end":{"line":278,"column":null}},"114":{"start":{"line":280,"column":52},"end":{"line":280,"column":null}},"115":{"start":{"line":283,"column":13},"end":{"line":283,"column":null}},"116":{"start":{"line":284,"column":2},"end":{"line":284,"column":null}},"117":{"start":{"line":284,"column":11},"end":{"line":284,"column":null}},"118":{"start":{"line":285,"column":2},"end":{"line":289,"column":null}},"119":{"start":{"line":293,"column":2},"end":{"line":293,"column":null}},"120":{"start":{"line":296,"column":0},"end":{"line":305,"column":null}},"121":{"start":{"line":297,"column":2},"end":{"line":297,"column":null}},"122":{"start":{"line":298,"column":2},"end":{"line":298,"column":null}},"123":{"start":{"line":299,"column":2},"end":{"line":299,"column":null}},"124":{"start":{"line":300,"column":2},"end":{"line":300,"column":null}},"125":{"start":{"line":301,"column":2},"end":{"line":301,"column":null}},"126":{"start":{"line":302,"column":2},"end":{"line":302,"column":null}},"127":{"start":{"line":303,"column":2},"end":{"line":303,"column":null}},"128":{"start":{"line":304,"column":2},"end":{"line":304,"column":null}},"129":{"start":{"line":308,"column":29},"end":{"line":308,"column":null}},"130":{"start":{"line":309,"column":6},"end":{"line":309,"column":null}},"131":{"start":{"line":309,"column":36},"end":{"line":309,"column":75}},"132":{"start":{"line":312,"column":2},"end":{"line":312,"column":null}},"133":{"start":{"line":316,"column":2},"end":{"line":316,"column":null}},"134":{"start":{"line":316,"column":43},"end":{"line":316,"column":null}},"135":{"start":{"line":317,"column":2},"end":{"line":317,"column":null}},"136":{"start":{"line":317,"column":45},"end":{"line":317,"column":null}},"137":{"start":{"line":318,"column":2},"end":{"line":318,"column":null}},"138":{"start":{"line":322,"column":2},"end":{"line":322,"column":null}},"139":{"start":{"line":327,"column":2},"end":{"line":330,"column":null}},"140":{"start":{"line":327,"column":15},"end":{"line":327,"column":36}},"141":{"start":{"line":328,"column":14},"end":{"line":328,"column":null}},"142":{"start":{"line":329,"column":4},"end":{"line":329,"column":null}},"143":{"start":{"line":329,"column":51},"end":{"line":329,"column":null}},"144":{"start":{"line":331,"column":2},"end":{"line":331,"column":null}},"145":{"start":{"line":335,"column":2},"end":{"line":337,"column":null}},"146":{"start":{"line":335,"column":15},"end":{"line":335,"column":25}},"147":{"start":{"line":336,"column":4},"end":{"line":336,"column":null}},"148":{"start":{"line":336,"column":73},"end":{"line":336,"column":null}},"149":{"start":{"line":338,"column":2},"end":{"line":338,"column":null}},"150":{"start":{"line":341,"column":6},"end":{"line":341,"column":null}},"151":{"start":{"line":341,"column":41},"end":{"line":341,"column":86}},"152":{"start":{"line":343,"column":6},"end":{"line":347,"column":null}},"153":{"start":{"line":344,"column":14},"end":{"line":344,"column":null}},"154":{"start":{"line":345,"column":2},"end":{"line":345,"column":null}},"155":{"start":{"line":345,"column":15},"end":{"line":345,"column":null}},"156":{"start":{"line":346,"column":2},"end":{"line":346,"column":null}},"157":{"start":{"line":351,"column":2},"end":{"line":353,"column":null}},"158":{"start":{"line":352,"column":4},"end":{"line":352,"column":null}},"159":{"start":{"line":354,"column":2},"end":{"line":354,"column":null}},"160":{"start":{"line":357,"column":6},"end":{"line":363,"column":null}},"161":{"start":{"line":358,"column":15},"end":{"line":358,"column":null}},"162":{"start":{"line":359,"column":15},"end":{"line":359,"column":null}},"163":{"start":{"line":360,"column":2},"end":{"line":360,"column":null}},"164":{"start":{"line":360,"column":16},"end":{"line":360,"column":null}},"165":{"start":{"line":361,"column":2},"end":{"line":361,"column":null}},"166":{"start":{"line":361,"column":38},"end":{"line":361,"column":null}},"167":{"start":{"line":362,"column":2},"end":{"line":362,"column":null}},"168":{"start":{"line":362,"column":34},"end":{"line":362,"column":55}},"169":{"start":{"line":365,"column":6},"end":{"line":373,"column":null}},"170":{"start":{"line":366,"column":15},"end":{"line":366,"column":null}},"171":{"start":{"line":369,"column":2},"end":{"line":371,"column":null}},"172":{"start":{"line":370,"column":4},"end":{"line":370,"column":null}},"173":{"start":{"line":372,"column":2},"end":{"line":372,"column":null}},"174":{"start":{"line":376,"column":94},"end":{"line":377,"column":null}},"175":{"start":{"line":380,"column":16},"end":{"line":380,"column":null}},"176":{"start":{"line":381,"column":2},"end":{"line":381,"column":null}},"177":{"start":{"line":381,"column":13},"end":{"line":381,"column":null}},"178":{"start":{"line":382,"column":2},"end":{"line":382,"column":null}},"179":{"start":{"line":382,"column":26},"end":{"line":382,"column":null}},"180":{"start":{"line":383,"column":2},"end":{"line":383,"column":null}},"181":{"start":{"line":386,"column":6},"end":{"line":386,"column":null}},"182":{"start":{"line":387,"column":6},"end":{"line":387,"column":null}},"183":{"start":{"line":388,"column":6},"end":{"line":388,"column":null}},"184":{"start":{"line":389,"column":22},"end":{"line":389,"column":null}},"185":{"start":{"line":392,"column":2},"end":{"line":392,"column":null}},"186":{"start":{"line":396,"column":12},"end":{"line":396,"column":null}},"187":{"start":{"line":397,"column":2},"end":{"line":397,"column":null}},"188":{"start":{"line":401,"column":2},"end":{"line":401,"column":null}},"189":{"start":{"line":402,"column":2},"end":{"line":402,"column":null}},"190":{"start":{"line":403,"column":2},"end":{"line":405,"column":null}},"191":{"start":{"line":404,"column":4},"end":{"line":404,"column":null}},"192":{"start":{"line":409,"column":2},"end":{"line":409,"column":null}},"193":{"start":{"line":413,"column":2},"end":{"line":413,"column":null}},"194":{"start":{"line":413,"column":49},"end":{"line":413,"column":null}},"195":{"start":{"line":414,"column":18},"end":{"line":414,"column":null}},"196":{"start":{"line":415,"column":2},"end":{"line":415,"column":null}},"197":{"start":{"line":416,"column":18},"end":{"line":416,"column":null}},"198":{"start":{"line":417,"column":2},"end":{"line":417,"column":null}},"199":{"start":{"line":418,"column":2},"end":{"line":418,"column":null}},"200":{"start":{"line":418,"column":18},"end":{"line":418,"column":null}},"201":{"start":{"line":422,"column":2},"end":{"line":430,"column":null}},"202":{"start":{"line":429,"column":4},"end":{"line":429,"column":null}},"203":{"start":{"line":431,"column":18},"end":{"line":431,"column":null}},"204":{"start":{"line":432,"column":2},"end":{"line":432,"column":null}},"205":{"start":{"line":433,"column":2},"end":{"line":433,"column":null}},"206":{"start":{"line":434,"column":14},"end":{"line":434,"column":null}},"207":{"start":{"line":434,"column":38},"end":{"line":434,"column":42}},"208":{"start":{"line":434,"column":73},"end":{"line":434,"column":77}},"209":{"start":{"line":435,"column":2},"end":{"line":437,"column":null}},"210":{"start":{"line":436,"column":4},"end":{"line":436,"column":null}},"211":{"start":{"line":441,"column":2},"end":{"line":441,"column":null}},"212":{"start":{"line":441,"column":49},"end":{"line":441,"column":null}},"213":{"start":{"line":442,"column":2},"end":{"line":442,"column":null}},"214":{"start":{"line":446,"column":2},"end":{"line":464,"column":null}},"215":{"start":{"line":447,"column":14},"end":{"line":447,"column":null}},"216":{"start":{"line":448,"column":17},"end":{"line":448,"column":null}},"217":{"start":{"line":449,"column":17},"end":{"line":449,"column":null}},"218":{"start":{"line":450,"column":10},"end":{"line":450,"column":null}},"219":{"start":{"line":451,"column":4},"end":{"line":457,"column":null}},"220":{"start":{"line":452,"column":6},"end":{"line":455,"column":null}},"221":{"start":{"line":453,"column":22},"end":{"line":453,"column":56}},"222":{"start":{"line":456,"column":6},"end":{"line":456,"column":null}},"223":{"start":{"line":458,"column":4},"end":{"line":458,"column":null}},"224":{"start":{"line":459,"column":4},"end":{"line":459,"column":null}},"225":{"start":{"line":460,"column":4},"end":{"line":460,"column":null}},"226":{"start":{"line":461,"column":4},"end":{"line":461,"column":null}},"227":{"start":{"line":462,"column":4},"end":{"line":462,"column":null}},"228":{"start":{"line":466,"column":15},"end":{"line":466,"column":null}},"229":{"start":{"line":467,"column":2},"end":{"line":467,"column":null}},"230":{"start":{"line":468,"column":2},"end":{"line":468,"column":null}},"231":{"start":{"line":469,"column":2},"end":{"line":469,"column":null}},"232":{"start":{"line":470,"column":2},"end":{"line":470,"column":null}},"233":{"start":{"line":471,"column":2},"end":{"line":471,"column":null}},"234":{"start":{"line":472,"column":2},"end":{"line":472,"column":null}},"235":{"start":{"line":473,"column":2},"end":{"line":473,"column":null}},"236":{"start":{"line":474,"column":2},"end":{"line":474,"column":null}},"237":{"start":{"line":475,"column":2},"end":{"line":475,"column":null}},"238":{"start":{"line":475,"column":15},"end":{"line":475,"column":null}},"239":{"start":{"line":478,"column":0},"end":{"line":480,"column":null}},"240":{"start":{"line":479,"column":2},"end":{"line":479,"column":null}},"241":{"start":{"line":479,"column":27},"end":{"line":479,"column":null}},"242":{"start":{"line":483,"column":13},"end":{"line":483,"column":null}},"243":{"start":{"line":484,"column":2},"end":{"line":484,"column":null}},"244":{"start":{"line":484,"column":37},"end":{"line":484,"column":null}},"245":{"start":{"line":485,"column":2},"end":{"line":485,"column":null}},"246":{"start":{"line":489,"column":2},"end":{"line":489,"column":null}},"247":{"start":{"line":489,"column":24},"end":{"line":489,"column":null}},"248":{"start":{"line":490,"column":15},"end":{"line":490,"column":null}},"249":{"start":{"line":491,"column":2},"end":{"line":491,"column":null}},"250":{"start":{"line":496,"column":0},"end":{"line":519,"column":null}},"251":{"start":{"line":497,"column":8},"end":{"line":497,"column":null}},"252":{"start":{"line":499,"column":4},"end":{"line":499,"column":null}},"253":{"start":{"line":499,"column":50},"end":{"line":499,"column":null}},"254":{"start":{"line":500,"column":21},"end":{"line":500,"column":null}},"255":{"start":{"line":501,"column":26},"end":{"line":501,"column":null}},"256":{"start":{"line":502,"column":10},"end":{"line":502,"column":null}},"257":{"start":{"line":505,"column":4},"end":{"line":516,"column":null}},"258":{"start":{"line":509,"column":6},"end":{"line":509,"column":null}},"259":{"start":{"line":510,"column":6},"end":{"line":510,"column":null}},"260":{"start":{"line":511,"column":6},"end":{"line":511,"column":null}},"261":{"start":{"line":512,"column":6},"end":{"line":512,"column":null}},"262":{"start":{"line":513,"column":6},"end":{"line":513,"column":null}},"263":{"start":{"line":514,"column":6},"end":{"line":514,"column":null}},"264":{"start":{"line":515,"column":6},"end":{"line":515,"column":null}},"265":{"start":{"line":515,"column":37},"end":{"line":515,"column":null}},"266":{"start":{"line":517,"column":4},"end":{"line":517,"column":null}},"267":{"start":{"line":522,"column":0},"end":{"line":538,"column":null}},"268":{"start":{"line":523,"column":8},"end":{"line":523,"column":null}},"269":{"start":{"line":525,"column":4},"end":{"line":525,"column":null}},"270":{"start":{"line":525,"column":31},"end":{"line":525,"column":null}},"271":{"start":{"line":526,"column":18},"end":{"line":526,"column":null}},"272":{"start":{"line":527,"column":4},"end":{"line":530,"column":null}},"273":{"start":{"line":528,"column":6},"end":{"line":528,"column":null}},"274":{"start":{"line":528,"column":31},"end":{"line":528,"column":null}},"275":{"start":{"line":529,"column":6},"end":{"line":529,"column":null}},"276":{"start":{"line":531,"column":4},"end":{"line":536,"column":null}},"277":{"start":{"line":532,"column":6},"end":{"line":532,"column":null}},"278":{"start":{"line":533,"column":6},"end":{"line":533,"column":null}},"279":{"start":{"line":535,"column":6},"end":{"line":535,"column":null}},"280":{"start":{"line":541,"column":0},"end":{"line":546,"column":null}},"281":{"start":{"line":542,"column":8},"end":{"line":542,"column":null}},"282":{"start":{"line":544,"column":4},"end":{"line":544,"column":null}},"283":{"start":{"line":549,"column":0},"end":{"line":553,"column":null}},"284":{"start":{"line":550,"column":2},"end":{"line":552,"column":null}},"285":{"start":{"line":551,"column":4},"end":{"line":551,"column":null}},"286":{"start":{"line":551,"column":29},"end":{"line":551,"column":null}},"287":{"start":{"line":554,"column":0},"end":{"line":562,"column":null}},"288":{"start":{"line":555,"column":8},"end":{"line":555,"column":null}},"289":{"start":{"line":557,"column":4},"end":{"line":560,"column":null}},"290":{"start":{"line":558,"column":6},"end":{"line":558,"column":null}},"291":{"start":{"line":559,"column":6},"end":{"line":559,"column":null}},"292":{"start":{"line":566,"column":0},"end":{"line":573,"column":null}},"293":{"start":{"line":567,"column":8},"end":{"line":567,"column":null}},"294":{"start":{"line":569,"column":4},"end":{"line":569,"column":null}},"295":{"start":{"line":569,"column":14},"end":{"line":569,"column":null}},"296":{"start":{"line":570,"column":4},"end":{"line":570,"column":null}},"297":{"start":{"line":571,"column":4},"end":{"line":571,"column":null}},"298":{"start":{"line":571,"column":61},"end":{"line":571,"column":null}},"299":{"start":{"line":576,"column":2},"end":{"line":576,"column":null}},"300":{"start":{"line":576,"column":14},"end":{"line":576,"column":null}},"301":{"start":{"line":577,"column":29},"end":{"line":577,"column":null}},"302":{"start":{"line":578,"column":15},"end":{"line":578,"column":null}},"303":{"start":{"line":579,"column":2},"end":{"line":597,"column":null}},"304":{"start":{"line":580,"column":4},"end":{"line":583,"column":null}},"305":{"start":{"line":581,"column":6},"end":{"line":581,"column":null}},"306":{"start":{"line":582,"column":6},"end":{"line":582,"column":null}},"307":{"start":{"line":584,"column":10},"end":{"line":584,"column":null}},"308":{"start":{"line":585,"column":21},"end":{"line":585,"column":null}},"309":{"start":{"line":586,"column":19},"end":{"line":586,"column":null}},"310":{"start":{"line":587,"column":4},"end":{"line":595,"column":null}},"311":{"start":{"line":588,"column":18},"end":{"line":588,"column":null}},"312":{"start":{"line":589,"column":20},"end":{"line":589,"column":null}},"313":{"start":{"line":590,"column":6},"end":{"line":594,"column":null}},"314":{"start":{"line":596,"column":4},"end":{"line":596,"column":null}},"315":{"start":{"line":598,"column":2},"end":{"line":602,"column":null}},"316":{"start":{"line":599,"column":4},"end":{"line":599,"column":null}},"317":{"start":{"line":601,"column":4},"end":{"line":601,"column":null}},"318":{"start":{"line":605,"column":2},"end":{"line":605,"column":null}},"319":{"start":{"line":606,"column":2},"end":{"line":606,"column":null}},"320":{"start":{"line":606,"column":23},"end":{"line":606,"column":null}},"321":{"start":{"line":609,"column":16},"end":{"line":609,"column":null}},"322":{"start":{"line":610,"column":2},"end":{"line":613,"column":null}},"323":{"start":{"line":611,"column":4},"end":{"line":611,"column":null}},"324":{"start":{"line":612,"column":4},"end":{"line":612,"column":null}},"325":{"start":{"line":614,"column":25},"end":{"line":614,"column":null}},"326":{"start":{"line":615,"column":2},"end":{"line":620,"column":null}},"327":{"start":{"line":616,"column":4},"end":{"line":619,"column":null}},"328":{"start":{"line":617,"column":16},"end":{"line":617,"column":null}},"329":{"start":{"line":618,"column":6},"end":{"line":618,"column":null}},"330":{"start":{"line":618,"column":13},"end":{"line":618,"column":null}},"331":{"start":{"line":621,"column":2},"end":{"line":626,"column":null}},"332":{"start":{"line":622,"column":4},"end":{"line":622,"column":null}},"333":{"start":{"line":623,"column":15},"end":{"line":623,"column":null}},"334":{"start":{"line":624,"column":4},"end":{"line":624,"column":null}},"335":{"start":{"line":624,"column":26},"end":{"line":624,"column":41}},"336":{"start":{"line":625,"column":4},"end":{"line":625,"column":null}},"337":{"start":{"line":627,"column":2},"end":{"line":627,"column":null}},"338":{"start":{"line":630,"column":0},"end":{"line":630,"column":null}},"339":{"start":{"line":630,"column":33},"end":{"line":630,"column":59}},"340":{"start":{"line":631,"column":0},"end":{"line":643,"column":null}},"341":{"start":{"line":632,"column":2},"end":{"line":640,"column":null}},"342":{"start":{"line":633,"column":4},"end":{"line":633,"column":null}},"343":{"start":{"line":634,"column":15},"end":{"line":634,"column":null}},"344":{"start":{"line":635,"column":4},"end":{"line":639,"column":null}},"345":{"start":{"line":636,"column":6},"end":{"line":636,"column":null}},"346":{"start":{"line":637,"column":6},"end":{"line":637,"column":null}},"347":{"start":{"line":637,"column":56},"end":{"line":637,"column":66}},"348":{"start":{"line":638,"column":6},"end":{"line":638,"column":null}},"349":{"start":{"line":642,"column":2},"end":{"line":642,"column":null}},"350":{"start":{"line":645,"column":2},"end":{"line":645,"column":null}},"351":{"start":{"line":649,"column":12},"end":{"line":649,"column":null}},"352":{"start":{"line":650,"column":2},"end":{"line":650,"column":null}},"353":{"start":{"line":650,"column":85},"end":{"line":650,"column":null}},"354":{"start":{"line":653,"column":2},"end":{"line":653,"column":null}},"355":{"start":{"line":654,"column":2},"end":{"line":654,"column":null}},"356":{"start":{"line":655,"column":2},"end":{"line":655,"column":null}},"357":{"start":{"line":656,"column":2},"end":{"line":656,"column":null}},"358":{"start":{"line":657,"column":2},"end":{"line":657,"column":null}},"359":{"start":{"line":658,"column":2},"end":{"line":658,"column":null}},"360":{"start":{"line":662,"column":12},"end":{"line":662,"column":null}},"361":{"start":{"line":663,"column":15},"end":{"line":663,"column":null}},"362":{"start":{"line":664,"column":15},"end":{"line":664,"column":null}},"363":{"start":{"line":665,"column":2},"end":{"line":665,"column":null}},"364":{"start":{"line":665,"column":85},"end":{"line":665,"column":null}},"365":{"start":{"line":666,"column":8},"end":{"line":666,"column":null}},"366":{"start":{"line":667,"column":2},"end":{"line":673,"column":null}},"367":{"start":{"line":668,"column":4},"end":{"line":671,"column":null}},"368":{"start":{"line":669,"column":20},"end":{"line":669,"column":54}},"369":{"start":{"line":672,"column":4},"end":{"line":672,"column":null}},"370":{"start":{"line":674,"column":2},"end":{"line":674,"column":null}},"371":{"start":{"line":675,"column":2},"end":{"line":675,"column":null}},"372":{"start":{"line":676,"column":2},"end":{"line":676,"column":null}},"373":{"start":{"line":677,"column":2},"end":{"line":677,"column":null}},"374":{"start":{"line":678,"column":2},"end":{"line":678,"column":null}},"375":{"start":{"line":682,"column":2},"end":{"line":682,"column":null}},"376":{"start":{"line":682,"column":39},"end":{"line":682,"column":null}},"377":{"start":{"line":684,"column":2},"end":{"line":684,"column":null}},"378":{"start":{"line":684,"column":61},"end":{"line":684,"column":null}},"379":{"start":{"line":685,"column":2},"end":{"line":685,"column":null}},"380":{"start":{"line":686,"column":2},"end":{"line":686,"column":null}},"381":{"start":{"line":690,"column":2},"end":{"line":690,"column":null}},"382":{"start":{"line":695,"column":6},"end":{"line":695,"column":null}},"383":{"start":{"line":696,"column":6},"end":{"line":696,"column":null}},"384":{"start":{"line":698,"column":6},"end":{"line":698,"column":null}},"385":{"start":{"line":702,"column":6},"end":{"line":706,"column":null}},"386":{"start":{"line":703,"column":2},"end":{"line":703,"column":null}},"387":{"start":{"line":703,"column":53},"end":{"line":703,"column":null}},"388":{"start":{"line":704,"column":2},"end":{"line":704,"column":null}},"389":{"start":{"line":704,"column":36},"end":{"line":704,"column":null}},"390":{"start":{"line":705,"column":2},"end":{"line":705,"column":null}},"391":{"start":{"line":709,"column":2},"end":{"line":709,"column":null}},"392":{"start":{"line":712,"column":2},"end":{"line":712,"column":null}},"393":{"start":{"line":715,"column":14},"end":{"line":715,"column":null}},"394":{"start":{"line":716,"column":2},"end":{"line":720,"column":null}},"395":{"start":{"line":717,"column":4},"end":{"line":717,"column":null}},"396":{"start":{"line":717,"column":60},"end":{"line":717,"column":69}},"397":{"start":{"line":719,"column":4},"end":{"line":719,"column":null}},"398":{"start":{"line":723,"column":2},"end":{"line":723,"column":null}},"399":{"start":{"line":727,"column":2},"end":{"line":727,"column":null}},"400":{"start":{"line":731,"column":2},"end":{"line":731,"column":null}},"401":{"start":{"line":735,"column":2},"end":{"line":735,"column":null}},"402":{"start":{"line":737,"column":6},"end":{"line":737,"column":null}},"403":{"start":{"line":737,"column":36},"end":{"line":737,"column":72}},"404":{"start":{"line":743,"column":14},"end":{"line":743,"column":null}},"405":{"start":{"line":743,"column":36},"end":{"line":743,"column":49}},"406":{"start":{"line":744,"column":2},"end":{"line":744,"column":null}},"407":{"start":{"line":748,"column":6},"end":{"line":748,"column":null}},"408":{"start":{"line":748,"column":38},"end":{"line":748,"column":109}},"409":{"start":{"line":748,"column":72},"end":{"line":748,"column":108}},"410":{"start":{"line":748,"column":94},"end":{"line":748,"column":107}},"411":{"start":{"line":752,"column":2},"end":{"line":755,"column":null}},"412":{"start":{"line":753,"column":15},"end":{"line":753,"column":null}},"413":{"start":{"line":754,"column":4},"end":{"line":754,"column":null}},"414":{"start":{"line":758,"column":2},"end":{"line":758,"column":null}},"415":{"start":{"line":758,"column":55},"end":{"line":758,"column":null}},"416":{"start":{"line":759,"column":2},"end":{"line":759,"column":null}},"417":{"start":{"line":760,"column":2},"end":{"line":760,"column":null}},"418":{"start":{"line":764,"column":6},"end":{"line":764,"column":null}},"419":{"start":{"line":769,"column":0},"end":{"line":781,"column":null}},"420":{"start":{"line":770,"column":8},"end":{"line":770,"column":null}},"421":{"start":{"line":770,"column":41},"end":{"line":770,"column":45}},"422":{"start":{"line":772,"column":4},"end":{"line":772,"column":null}},"423":{"start":{"line":773,"column":4},"end":{"line":773,"column":null}},"424":{"start":{"line":773,"column":14},"end":{"line":773,"column":null}},"425":{"start":{"line":776,"column":4},"end":{"line":779,"column":null}},"426":{"start":{"line":777,"column":18},"end":{"line":777,"column":null}},"427":{"start":{"line":777,"column":40},"end":{"line":777,"column":53}},"428":{"start":{"line":778,"column":6},"end":{"line":778,"column":null}},"429":{"start":{"line":778,"column":50},"end":{"line":778,"column":null}},"430":{"start":{"line":782,"column":6},"end":{"line":782,"column":null}},"431":{"start":{"line":782,"column":57},"end":{"line":782,"column":98}},"432":{"start":{"line":783,"column":6},"end":{"line":783,"column":null}},"433":{"start":{"line":783,"column":35},"end":{"line":783,"column":50}},"434":{"start":{"line":784,"column":6},"end":{"line":784,"column":null}},"435":{"start":{"line":784,"column":34},"end":{"line":784,"column":80}},"436":{"start":{"line":787,"column":2},"end":{"line":787,"column":null}},"437":{"start":{"line":787,"column":22},"end":{"line":787,"column":null}},"438":{"start":{"line":790,"column":2},"end":{"line":790,"column":null}},"439":{"start":{"line":790,"column":53},"end":{"line":790,"column":null}},"440":{"start":{"line":794,"column":2},"end":{"line":794,"column":null}},"441":{"start":{"line":798,"column":13},"end":{"line":798,"column":null}},"442":{"start":{"line":799,"column":2},"end":{"line":799,"column":null}},"443":{"start":{"line":799,"column":59},"end":{"line":799,"column":null}},"444":{"start":{"line":801,"column":16},"end":{"line":806,"column":null}},"445":{"start":{"line":802,"column":19},"end":{"line":802,"column":null}},"446":{"start":{"line":802,"column":37},"end":{"line":802,"column":81}},"447":{"start":{"line":802,"column":94},"end":{"line":802,"column":101}},"448":{"start":{"line":803,"column":18},"end":{"line":803,"column":null}},"449":{"start":{"line":804,"column":4},"end":{"line":804,"column":null}},"450":{"start":{"line":804,"column":15},"end":{"line":804,"column":null}},"451":{"start":{"line":805,"column":4},"end":{"line":805,"column":null}},"452":{"start":{"line":807,"column":15},"end":{"line":807,"column":null}},"453":{"start":{"line":808,"column":2},"end":{"line":808,"column":null}},"454":{"start":{"line":809,"column":2},"end":{"line":809,"column":null}},"455":{"start":{"line":810,"column":2},"end":{"line":810,"column":null}},"456":{"start":{"line":811,"column":2},"end":{"line":811,"column":null}},"457":{"start":{"line":812,"column":2},"end":{"line":812,"column":null}},"458":{"start":{"line":822,"column":2},"end":{"line":822,"column":null}},"459":{"start":{"line":822,"column":43},"end":{"line":822,"column":null}},"460":{"start":{"line":823,"column":19},"end":{"line":823,"column":null}},"461":{"start":{"line":824,"column":28},"end":{"line":824,"column":null}},"462":{"start":{"line":825,"column":2},"end":{"line":838,"column":null}},"463":{"start":{"line":826,"column":17},"end":{"line":826,"column":null}},"464":{"start":{"line":827,"column":4},"end":{"line":827,"column":null}},"465":{"start":{"line":827,"column":32},"end":{"line":827,"column":null}},"466":{"start":{"line":828,"column":17},"end":{"line":828,"column":null}},"467":{"start":{"line":829,"column":16},"end":{"line":829,"column":null}},"468":{"start":{"line":830,"column":4},"end":{"line":830,"column":null}},"469":{"start":{"line":830,"column":20},"end":{"line":830,"column":null}},"470":{"start":{"line":831,"column":14},"end":{"line":831,"column":null}},"471":{"start":{"line":832,"column":20},"end":{"line":836,"column":null}},"472":{"start":{"line":835,"column":18},"end":{"line":835,"column":26}},"473":{"start":{"line":837,"column":4},"end":{"line":837,"column":null}},"474":{"start":{"line":837,"column":11},"end":{"line":837,"column":null}},"475":{"start":{"line":839,"column":2},"end":{"line":839,"column":null}},"476":{"start":{"line":843,"column":2},"end":{"line":850,"column":null}},"477":{"start":{"line":843,"column":15},"end":{"line":843,"column":30}},"478":{"start":{"line":844,"column":17},"end":{"line":844,"column":null}},"479":{"start":{"line":845,"column":4},"end":{"line":848,"column":null}},"480":{"start":{"line":846,"column":21},"end":{"line":846,"column":null}},"481":{"start":{"line":847,"column":6},"end":{"line":847,"column":null}},"482":{"start":{"line":847,"column":18},"end":{"line":847,"column":null}},"483":{"start":{"line":849,"column":4},"end":{"line":849,"column":null}},"484":{"start":{"line":849,"column":57},"end":{"line":849,"column":null}},"485":{"start":{"line":851,"column":2},"end":{"line":851,"column":null}},"486":{"start":{"line":855,"column":2},"end":{"line":855,"column":null}},"487":{"start":{"line":855,"column":13},"end":{"line":855,"column":null}},"488":{"start":{"line":856,"column":2},"end":{"line":856,"column":null}},"489":{"start":{"line":856,"column":26},"end":{"line":856,"column":42}},"490":{"start":{"line":860,"column":8},"end":{"line":860,"column":null}},"491":{"start":{"line":861,"column":2},"end":{"line":861,"column":null}},"492":{"start":{"line":861,"column":45},"end":{"line":861,"column":null}},"493":{"start":{"line":862,"column":2},"end":{"line":862,"column":null}},"494":{"start":{"line":862,"column":31},"end":{"line":862,"column":77}},"495":{"start":{"line":866,"column":2},"end":{"line":866,"column":null}},"496":{"start":{"line":871,"column":2},"end":{"line":871,"column":null}},"497":{"start":{"line":871,"column":35},"end":{"line":871,"column":null}},"498":{"start":{"line":872,"column":2},"end":{"line":878,"column":null}},"499":{"start":{"line":873,"column":4},"end":{"line":873,"column":null}},"500":{"start":{"line":873,"column":51},"end":{"line":873,"column":null}},"501":{"start":{"line":874,"column":4},"end":{"line":874,"column":null}},"502":{"start":{"line":875,"column":4},"end":{"line":875,"column":null}},"503":{"start":{"line":876,"column":4},"end":{"line":876,"column":null}},"504":{"start":{"line":877,"column":4},"end":{"line":877,"column":null}},"505":{"start":{"line":879,"column":2},"end":{"line":879,"column":null}},"506":{"start":{"line":879,"column":22},"end":{"line":879,"column":null}},"507":{"start":{"line":880,"column":2},"end":{"line":880,"column":null}},"508":{"start":{"line":881,"column":2},"end":{"line":881,"column":null}},"509":{"start":{"line":882,"column":2},"end":{"line":882,"column":null}},"510":{"start":{"line":885,"column":6},"end":{"line":888,"column":null}},"511":{"start":{"line":887,"column":2},"end":{"line":887,"column":null}},"512":{"start":{"line":891,"column":2},"end":{"line":891,"column":null}},"513":{"start":{"line":891,"column":40},"end":{"line":891,"column":null}},"514":{"start":{"line":894,"column":2},"end":{"line":896,"column":null}},"515":{"start":{"line":895,"column":4},"end":{"line":895,"column":null}},"516":{"start":{"line":897,"column":2},"end":{"line":903,"column":null}},"517":{"start":{"line":898,"column":4},"end":{"line":898,"column":null}},"518":{"start":{"line":899,"column":4},"end":{"line":899,"column":null}},"519":{"start":{"line":900,"column":4},"end":{"line":902,"column":null}},"520":{"start":{"line":901,"column":6},"end":{"line":901,"column":null}},"521":{"start":{"line":904,"column":2},"end":{"line":904,"column":null}},"522":{"start":{"line":905,"column":2},"end":{"line":905,"column":null}},"523":{"start":{"line":906,"column":2},"end":{"line":906,"column":null}},"524":{"start":{"line":907,"column":2},"end":{"line":907,"column":null}},"525":{"start":{"line":908,"column":2},"end":{"line":908,"column":null}},"526":{"start":{"line":909,"column":2},"end":{"line":909,"column":null}},"527":{"start":{"line":910,"column":2},"end":{"line":910,"column":null}},"528":{"start":{"line":911,"column":2},"end":{"line":911,"column":null}},"529":{"start":{"line":919,"column":2},"end":{"line":919,"column":null}},"530":{"start":{"line":919,"column":33},"end":{"line":919,"column":null}},"531":{"start":{"line":920,"column":2},"end":{"line":920,"column":null}},"532":{"start":{"line":921,"column":2},"end":{"line":923,"column":null}},"533":{"start":{"line":922,"column":4},"end":{"line":922,"column":null}},"534":{"start":{"line":933,"column":2},"end":{"line":933,"column":null}},"535":{"start":{"line":933,"column":27},"end":{"line":933,"column":null}},"536":{"start":{"line":934,"column":2},"end":{"line":949,"column":null}},"537":{"start":{"line":935,"column":18},"end":{"line":935,"column":null}},"538":{"start":{"line":936,"column":18},"end":{"line":936,"column":null}},"539":{"start":{"line":937,"column":4},"end":{"line":947,"column":null}},"540":{"start":{"line":938,"column":6},"end":{"line":938,"column":null}},"541":{"start":{"line":939,"column":6},"end":{"line":939,"column":null}},"542":{"start":{"line":940,"column":6},"end":{"line":940,"column":null}},"543":{"start":{"line":941,"column":4},"end":{"line":947,"column":null}},"544":{"start":{"line":942,"column":6},"end":{"line":946,"column":null}},"545":{"start":{"line":943,"column":8},"end":{"line":943,"column":null}},"546":{"start":{"line":944,"column":8},"end":{"line":944,"column":null}},"547":{"start":{"line":945,"column":8},"end":{"line":945,"column":null}},"548":{"start":{"line":948,"column":4},"end":{"line":948,"column":null}},"549":{"start":{"line":950,"column":2},"end":{"line":950,"column":null}},"550":{"start":{"line":959,"column":2},"end":{"line":961,"column":null}},"551":{"start":{"line":959,"column":31},"end":{"line":959,"column":36}},"552":{"start":{"line":960,"column":4},"end":{"line":960,"column":null}},"553":{"start":{"line":960,"column":46},"end":{"line":960,"column":52}},"554":{"start":{"line":962,"column":2},"end":{"line":962,"column":null}},"555":{"start":{"line":987,"column":28},"end":{"line":987,"column":null}},"556":{"start":{"line":988,"column":2},"end":{"line":991,"column":null}},"557":{"start":{"line":989,"column":4},"end":{"line":989,"column":null}},"558":{"start":{"line":990,"column":4},"end":{"line":990,"column":null}},"559":{"start":{"line":992,"column":2},"end":{"line":1028,"column":null}},"560":{"start":{"line":993,"column":4},"end":{"line":993,"column":null}},"561":{"start":{"line":993,"column":29},"end":{"line":993,"column":null}},"562":{"start":{"line":994,"column":4},"end":{"line":994,"column":null}},"563":{"start":{"line":994,"column":32},"end":{"line":994,"column":null}},"564":{"start":{"line":995,"column":2},"end":{"line":1028,"column":null}},"565":{"start":{"line":996,"column":33},"end":{"line":1017,"column":null}},"566":{"start":{"line":997,"column":19},"end":{"line":997,"column":null}},"567":{"start":{"line":998,"column":17},"end":{"line":998,"column":null}},"568":{"start":{"line":1000,"column":20},"end":{"line":1002,"column":null}},"569":{"start":{"line":1001,"column":35},"end":{"line":1001,"column":46}},"570":{"start":{"line":1001,"column":76},"end":{"line":1001,"column":100}},"571":{"start":{"line":1002,"column":35},"end":{"line":1002,"column":50}},"572":{"start":{"line":1005,"column":21},"end":{"line":1007,"column":null}},"573":{"start":{"line":1008,"column":26},"end":{"line":1010,"column":null}},"574":{"start":{"line":1011,"column":6},"end":{"line":1016,"column":null}},"575":{"start":{"line":1018,"column":21},"end":{"line":1018,"column":null}},"576":{"start":{"line":1019,"column":4},"end":{"line":1027,"column":null}},"577":{"start":{"line":1020,"column":25},"end":{"line":1020,"column":null}},"578":{"start":{"line":1021,"column":6},"end":{"line":1021,"column":null}},"579":{"start":{"line":1022,"column":4},"end":{"line":1027,"column":null}},"580":{"start":{"line":1023,"column":6},"end":{"line":1023,"column":null}},"581":{"start":{"line":1025,"column":25},"end":{"line":1025,"column":null}},"582":{"start":{"line":1026,"column":6},"end":{"line":1026,"column":null}},"583":{"start":{"line":1032,"column":2},"end":{"line":1061,"column":null}},"584":{"start":{"line":1038,"column":17},"end":{"line":1038,"column":null}},"585":{"start":{"line":1039,"column":4},"end":{"line":1054,"column":null}},"586":{"start":{"line":1055,"column":4},"end":{"line":1055,"column":null}},"587":{"start":{"line":1056,"column":4},"end":{"line":1056,"column":null}},"588":{"start":{"line":1057,"column":4},"end":{"line":1057,"column":null}},"589":{"start":{"line":1058,"column":4},"end":{"line":1058,"column":null}},"590":{"start":{"line":1059,"column":4},"end":{"line":1059,"column":null}},"591":{"start":{"line":1060,"column":4},"end":{"line":1060,"column":null}},"592":{"start":{"line":1064,"column":2},"end":{"line":1080,"column":null}},"593":{"start":{"line":1065,"column":18},"end":{"line":1065,"column":null}},"594":{"start":{"line":1066,"column":18},"end":{"line":1066,"column":null}},"595":{"start":{"line":1067,"column":4},"end":{"line":1079,"column":null}},"596":{"start":{"line":1068,"column":6},"end":{"line":1068,"column":null}},"597":{"start":{"line":1069,"column":6},"end":{"line":1069,"column":null}},"598":{"start":{"line":1070,"column":6},"end":{"line":1070,"column":null}},"599":{"start":{"line":1071,"column":6},"end":{"line":1071,"column":null}},"600":{"start":{"line":1073,"column":6},"end":{"line":1077,"column":null}},"601":{"start":{"line":1074,"column":8},"end":{"line":1074,"column":null}},"602":{"start":{"line":1075,"column":8},"end":{"line":1075,"column":null}},"603":{"start":{"line":1076,"column":8},"end":{"line":1076,"column":null}},"604":{"start":{"line":1078,"column":6},"end":{"line":1078,"column":null}},"605":{"start":{"line":1081,"column":2},"end":{"line":1081,"column":null}},"606":{"start":{"line":1112,"column":2},"end":{"line":1112,"column":null}},"607":{"start":{"line":1112,"column":53},"end":{"line":1112,"column":null}},"608":{"start":{"line":1113,"column":2},"end":{"line":1203,"column":null}},"609":{"start":{"line":1118,"column":19},"end":{"line":1118,"column":null}},"610":{"start":{"line":1119,"column":17},"end":{"line":1119,"column":null}},"611":{"start":{"line":1120,"column":19},"end":{"line":1120,"column":null}},"612":{"start":{"line":1121,"column":21},"end":{"line":1121,"column":null}},"613":{"start":{"line":1122,"column":6},"end":{"line":1127,"column":null}},"614":{"start":{"line":1123,"column":8},"end":{"line":1123,"column":null}},"615":{"start":{"line":1123,"column":49},"end":{"line":1123,"column":60}},"616":{"start":{"line":1124,"column":6},"end":{"line":1127,"column":null}},"617":{"start":{"line":1126,"column":8},"end":{"line":1126,"column":null}},"618":{"start":{"line":1126,"column":49},"end":{"line":1126,"column":64}},"619":{"start":{"line":1130,"column":20},"end":{"line":1130,"column":null}},"620":{"start":{"line":1132,"column":8},"end":{"line":1132,"column":null}},"621":{"start":{"line":1134,"column":8},"end":{"line":1136,"column":null}},"622":{"start":{"line":1137,"column":6},"end":{"line":1143,"column":null}},"623":{"start":{"line":1144,"column":6},"end":{"line":1151,"column":null}},"624":{"start":{"line":1152,"column":6},"end":{"line":1152,"column":null}},"625":{"start":{"line":1153,"column":6},"end":{"line":1153,"column":null}},"626":{"start":{"line":1154,"column":6},"end":{"line":1154,"column":null}},"627":{"start":{"line":1155,"column":6},"end":{"line":1155,"column":null}},"628":{"start":{"line":1156,"column":6},"end":{"line":1156,"column":null}},"629":{"start":{"line":1157,"column":6},"end":{"line":1157,"column":null}},"630":{"start":{"line":1158,"column":6},"end":{"line":1158,"column":null}},"631":{"start":{"line":1161,"column":6},"end":{"line":1171,"column":null}},"632":{"start":{"line":1162,"column":22},"end":{"line":1162,"column":null}},"633":{"start":{"line":1163,"column":8},"end":{"line":1163,"column":null}},"634":{"start":{"line":1164,"column":8},"end":{"line":1164,"column":null}},"635":{"start":{"line":1165,"column":8},"end":{"line":1165,"column":null}},"636":{"start":{"line":1165,"column":31},"end":{"line":1165,"column":null}},"637":{"start":{"line":1167,"column":8},"end":{"line":1167,"column":null}},"638":{"start":{"line":1168,"column":8},"end":{"line":1168,"column":null}},"639":{"start":{"line":1169,"column":8},"end":{"line":1169,"column":null}},"640":{"start":{"line":1170,"column":8},"end":{"line":1170,"column":null}},"641":{"start":{"line":1172,"column":6},"end":{"line":1172,"column":null}},"642":{"start":{"line":1175,"column":6},"end":{"line":1175,"column":null}},"643":{"start":{"line":1176,"column":6},"end":{"line":1176,"column":null}},"644":{"start":{"line":1179,"column":6},"end":{"line":1189,"column":null}},"645":{"start":{"line":1180,"column":8},"end":{"line":1180,"column":null}},"646":{"start":{"line":1181,"column":8},"end":{"line":1182,"column":null}},"647":{"start":{"line":1183,"column":8},"end":{"line":1183,"column":null}},"648":{"start":{"line":1184,"column":8},"end":{"line":1184,"column":null}},"649":{"start":{"line":1184,"column":31},"end":{"line":1184,"column":null}},"650":{"start":{"line":1185,"column":8},"end":{"line":1185,"column":null}},"651":{"start":{"line":1186,"column":8},"end":{"line":1186,"column":null}},"652":{"start":{"line":1187,"column":8},"end":{"line":1187,"column":null}},"653":{"start":{"line":1188,"column":8},"end":{"line":1188,"column":null}},"654":{"start":{"line":1190,"column":6},"end":{"line":1190,"column":null}},"655":{"start":{"line":1192,"column":6},"end":{"line":1192,"column":null}},"656":{"start":{"line":1193,"column":6},"end":{"line":1193,"column":null}},"657":{"start":{"line":1196,"column":6},"end":{"line":1201,"column":null}},"658":{"start":{"line":1202,"column":6},"end":{"line":1202,"column":null}},"659":{"start":{"line":1204,"column":2},"end":{"line":1204,"column":null}},"660":{"start":{"line":1213,"column":2},"end":{"line":1213,"column":null}},"661":{"start":{"line":1213,"column":23},"end":{"line":1213,"column":null}},"662":{"start":{"line":1215,"column":2},"end":{"line":1215,"column":null}},"663":{"start":{"line":1215,"column":41},"end":{"line":1215,"column":null}},"664":{"start":{"line":1217,"column":2},"end":{"line":1217,"column":null}},"665":{"start":{"line":1217,"column":30},"end":{"line":1217,"column":null}},"666":{"start":{"line":1218,"column":16},"end":{"line":1218,"column":null}},"667":{"start":{"line":1219,"column":2},"end":{"line":1219,"column":null}},"668":{"start":{"line":1219,"column":14},"end":{"line":1219,"column":null}},"669":{"start":{"line":1220,"column":12},"end":{"line":1220,"column":null}},"670":{"start":{"line":1221,"column":16},"end":{"line":1221,"column":null}},"671":{"start":{"line":1222,"column":2},"end":{"line":1226,"column":null}},"672":{"start":{"line":1224,"column":4},"end":{"line":1224,"column":null}},"673":{"start":{"line":1224,"column":42},"end":{"line":1224,"column":null}},"674":{"start":{"line":1225,"column":4},"end":{"line":1225,"column":null}},"675":{"start":{"line":1225,"column":42},"end":{"line":1225,"column":null}},"676":{"start":{"line":1228,"column":2},"end":{"line":1228,"column":null}},"677":{"start":{"line":1229,"column":2},"end":{"line":1229,"column":null}},"678":{"start":{"line":1231,"column":2},"end":{"line":1231,"column":null}},"679":{"start":{"line":1232,"column":2},"end":{"line":1232,"column":null}},"680":{"start":{"line":1234,"column":2},"end":{"line":1234,"column":null}},"681":{"start":{"line":1235,"column":2},"end":{"line":1235,"column":null}},"682":{"start":{"line":1240,"column":2},"end":{"line":1240,"column":null}},"683":{"start":{"line":1245,"column":2},"end":{"line":1247,"column":null}},"684":{"start":{"line":1246,"column":4},"end":{"line":1246,"column":null}},"685":{"start":{"line":1248,"column":2},"end":{"line":1248,"column":null}},"686":{"start":{"line":1253,"column":2},"end":{"line":1255,"column":null}},"687":{"start":{"line":1254,"column":4},"end":{"line":1254,"column":null}},"688":{"start":{"line":1256,"column":2},"end":{"line":1256,"column":null}},"689":{"start":{"line":1260,"column":13},"end":{"line":1260,"column":null}},"690":{"start":{"line":1261,"column":2},"end":{"line":1261,"column":null}},"691":{"start":{"line":1266,"column":2},"end":{"line":1270,"column":null}},"692":{"start":{"line":1275,"column":2},"end":{"line":1403,"column":null}},"693":{"start":{"line":1402,"column":25},"end":{"line":1402,"column":null}}},"fnMap":{"0":{"name":"cloneReactAnnotations","decl":{"start":{"line":42,"column":9},"end":{"line":42,"column":31}},"loc":{"start":{"line":42,"column":83},"end":{"line":45,"column":null}},"line":42},"1":{"name":"(anonymous_1)","decl":{"start":{"line":44,"column":18},"end":{"line":44,"column":19}},"loc":{"start":{"line":44,"column":26},"end":{"line":44,"column":35}},"line":44},"2":{"name":"cloneClarifyImages","decl":{"start":{"line":48,"column":9},"end":{"line":48,"column":28}},"loc":{"start":{"line":48,"column":74},"end":{"line":51,"column":null}},"line":48},"3":{"name":"(anonymous_3)","decl":{"start":{"line":50,"column":18},"end":{"line":50,"column":19}},"loc":{"start":{"line":50,"column":27},"end":{"line":50,"column":37}},"line":50},"4":{"name":"useClarifyChat","decl":{"start":{"line":84,"column":16},"end":{"line":84,"column":null}},"loc":{"start":{"line":88,"column":2},"end":{"line":1404,"column":null}},"line":88},"5":{"name":"(anonymous_5)","decl":{"start":{"line":111,"column":37},"end":{"line":111,"column":43}},"loc":{"start":{"line":111,"column":43},"end":{"line":111,"column":84}},"line":111},"6":{"name":"(anonymous_6)","decl":{"start":{"line":115,"column":32},"end":{"line":115,"column":38}},"loc":{"start":{"line":115,"column":38},"end":{"line":115,"column":55}},"line":115},"7":{"name":"(anonymous_7)","decl":{"start":{"line":117,"column":34},"end":{"line":117,"column":40}},"loc":{"start":{"line":117,"column":40},"end":{"line":121,"column":1}},"line":117},"8":{"name":"(anonymous_8)","decl":{"start":{"line":132,"column":2},"end":{"line":132,"column":null}},"loc":{"start":{"line":133,"column":4},"end":{"line":138,"column":null}},"line":133},"9":{"name":"(anonymous_9)","decl":{"start":{"line":141,"column":2},"end":{"line":141,"column":8}},"loc":{"start":{"line":141,"column":8},"end":{"line":141,"column":null}},"line":141},"10":{"name":"humanMatchesSeed","decl":{"start":{"line":144,"column":9},"end":{"line":144,"column":26}},"loc":{"start":{"line":144,"column":70},"end":{"line":149,"column":null}},"line":144},"11":{"name":"(anonymous_11)","decl":{"start":{"line":151,"column":51},"end":{"line":151,"column":57}},"loc":{"start":{"line":151,"column":57},"end":{"line":156,"column":1}},"line":151},"12":{"name":"prependSeedHuman","decl":{"start":{"line":158,"column":9},"end":{"line":158,"column":26}},"loc":{"start":{"line":158,"column":62},"end":{"line":173,"column":null}},"line":158},"13":{"name":"(anonymous_13)","decl":{"start":{"line":162,"column":29},"end":{"line":162,"column":30}},"loc":{"start":{"line":162,"column":36},"end":{"line":162,"column":61}},"line":162},"14":{"name":"(anonymous_14)","decl":{"start":{"line":178,"column":44},"end":{"line":178,"column":45}},"loc":{"start":{"line":178,"column":54},"end":{"line":180,"column":1}},"line":178},"15":{"name":"(anonymous_15)","decl":{"start":{"line":183,"column":61},"end":{"line":183,"column":62}},"loc":{"start":{"line":183,"column":68},"end":{"line":183,"column":70}},"line":183},"16":{"name":"(anonymous_16)","decl":{"start":{"line":184,"column":46},"end":{"line":184,"column":47}},"loc":{"start":{"line":184,"column":56},"end":{"line":186,"column":1}},"line":184},"17":{"name":"(anonymous_17)","decl":{"start":{"line":194,"column":12},"end":{"line":194,"column":13}},"loc":{"start":{"line":194,"column":22},"end":{"line":198,"column":null}},"line":194},"18":{"name":"(anonymous_18)","decl":{"start":{"line":202,"column":12},"end":{"line":202,"column":13}},"loc":{"start":{"line":202,"column":22},"end":{"line":205,"column":null}},"line":202},"19":{"name":"(anonymous_19)","decl":{"start":{"line":223,"column":31},"end":{"line":223,"column":37}},"loc":{"start":{"line":223,"column":37},"end":{"line":223,"column":83}},"line":223},"20":{"name":"(anonymous_20)","decl":{"start":{"line":224,"column":32},"end":{"line":224,"column":null}},"loc":{"start":{"line":225,"column":2},"end":{"line":225,"column":null}},"line":225},"21":{"name":"(anonymous_21)","decl":{"start":{"line":229,"column":2},"end":{"line":229,"column":8}},"loc":{"start":{"line":229,"column":8},"end":{"line":229,"column":null}},"line":229},"22":{"name":"isNearBottom","decl":{"start":{"line":232,"column":9},"end":{"line":232,"column":22}},"loc":{"start":{"line":232,"column":48},"end":{"line":234,"column":null}},"line":232},"23":{"name":"onScrollerScroll","decl":{"start":{"line":236,"column":9},"end":{"line":236,"column":28}},"loc":{"start":{"line":236,"column":28},"end":{"line":245,"column":null}},"line":236},"24":{"name":"scrollBottom","decl":{"start":{"line":247,"column":15},"end":{"line":247,"column":28}},"loc":{"start":{"line":247,"column":43},"end":{"line":256,"column":null}},"line":247},"25":{"name":"enterStickSequence","decl":{"start":{"line":264,"column":15},"end":{"line":264,"column":36}},"loc":{"start":{"line":264,"column":36},"end":{"line":271,"column":null}},"line":264},"26":{"name":"(anonymous_26)","decl":{"start":{"line":268,"column":24},"end":{"line":268,"column":30}},"loc":{"start":{"line":268,"column":30},"end":{"line":270,"column":3}},"line":268},"27":{"name":"onUnreadFabClick","decl":{"start":{"line":273,"column":9},"end":{"line":273,"column":28}},"loc":{"start":{"line":273,"column":28},"end":{"line":275,"column":null}},"line":273},"28":{"name":"autoGrow","decl":{"start":{"line":282,"column":9},"end":{"line":282,"column":20}},"loc":{"start":{"line":282,"column":20},"end":{"line":290,"column":null}},"line":282},"29":{"name":"onTextInput","decl":{"start":{"line":292,"column":9},"end":{"line":292,"column":23}},"loc":{"start":{"line":292,"column":23},"end":{"line":294,"column":null}},"line":292},"30":{"name":"(anonymous_30)","decl":{"start":{"line":296,"column":16},"end":{"line":296,"column":22}},"loc":{"start":{"line":296,"column":22},"end":{"line":305,"column":1}},"line":296},"31":{"name":"(anonymous_31)","decl":{"start":{"line":309,"column":30},"end":{"line":309,"column":36}},"loc":{"start":{"line":309,"column":36},"end":{"line":309,"column":75}},"line":309},"32":{"name":"textHasChoicePrefix","decl":{"start":{"line":311,"column":9},"end":{"line":311,"column":29}},"loc":{"start":{"line":311,"column":52},"end":{"line":313,"column":null}},"line":311},"33":{"name":"stripChoicePrefix","decl":{"start":{"line":315,"column":9},"end":{"line":315,"column":27}},"loc":{"start":{"line":315,"column":49},"end":{"line":319,"column":null}},"line":315},"34":{"name":"isChoiceReply","decl":{"start":{"line":321,"column":9},"end":{"line":321,"column":23}},"loc":{"start":{"line":321,"column":46},"end":{"line":323,"column":null}},"line":321},"35":{"name":"latestQuestionTurnIndex","decl":{"start":{"line":326,"column":9},"end":{"line":326,"column":33}},"loc":{"start":{"line":326,"column":66},"end":{"line":332,"column":null}},"line":326},"36":{"name":"hasHumanReplyAfter","decl":{"start":{"line":334,"column":9},"end":{"line":334,"column":28}},"loc":{"start":{"line":334,"column":76},"end":{"line":339,"column":null}},"line":334},"37":{"name":"(anonymous_37)","decl":{"start":{"line":341,"column":35},"end":{"line":341,"column":41}},"loc":{"start":{"line":341,"column":41},"end":{"line":341,"column":86}},"line":341},"38":{"name":"(anonymous_38)","decl":{"start":{"line":343,"column":50},"end":{"line":343,"column":56}},"loc":{"start":{"line":343,"column":56},"end":{"line":347,"column":1}},"line":343},"39":{"name":"answerTranscript","decl":{"start":{"line":350,"column":9},"end":{"line":350,"column":43}},"loc":{"start":{"line":350,"column":43},"end":{"line":355,"column":null}},"line":350},"40":{"name":"(anonymous_40)","decl":{"start":{"line":357,"column":40},"end":{"line":357,"column":46}},"loc":{"start":{"line":357,"column":46},"end":{"line":363,"column":1}},"line":357},"41":{"name":"(anonymous_41)","decl":{"start":{"line":362,"column":27},"end":{"line":362,"column":28}},"loc":{"start":{"line":362,"column":34},"end":{"line":362,"column":55}},"line":362},"42":{"name":"(anonymous_42)","decl":{"start":{"line":365,"column":45},"end":{"line":365,"column":51}},"loc":{"start":{"line":365,"column":51},"end":{"line":373,"column":1}},"line":365},"43":{"name":"imagePreviewLabel","decl":{"start":{"line":379,"column":9},"end":{"line":379,"column":27}},"loc":{"start":{"line":379,"column":74},"end":{"line":384,"column":null}},"line":379},"44":{"name":"hasComposerDraft","decl":{"start":{"line":391,"column":9},"end":{"line":391,"column":37}},"loc":{"start":{"line":391,"column":37},"end":{"line":393,"column":null}},"line":391},"45":{"name":"truncateQueueText","decl":{"start":{"line":395,"column":9},"end":{"line":395,"column":27}},"loc":{"start":{"line":395,"column":62},"end":{"line":398,"column":null}},"line":395},"46":{"name":"showQueueToast","decl":{"start":{"line":400,"column":9},"end":{"line":400,"column":24}},"loc":{"start":{"line":400,"column":37},"end":{"line":406,"column":null}},"line":400},"47":{"name":"(anonymous_47)","decl":{"start":{"line":403,"column":38},"end":{"line":403,"column":44}},"loc":{"start":{"line":403,"column":44},"end":{"line":405,"column":5}},"line":403},"48":{"name":"syncQueueThinking","decl":{"start":{"line":408,"column":9},"end":{"line":408,"column":29}},"loc":{"start":{"line":408,"column":29},"end":{"line":410,"column":null}},"line":408},"49":{"name":"cancelQueuedItem","decl":{"start":{"line":412,"column":9},"end":{"line":412,"column":26}},"loc":{"start":{"line":412,"column":41},"end":{"line":419,"column":null}},"line":412},"50":{"name":"reorderQueuedItems","decl":{"start":{"line":421,"column":9},"end":{"line":421,"column":28}},"loc":{"start":{"line":421,"column":64},"end":{"line":438,"column":null}},"line":421},"51":{"name":"(anonymous_51)","decl":{"start":{"line":434,"column":31},"end":{"line":434,"column":32}},"loc":{"start":{"line":434,"column":38},"end":{"line":434,"column":42}},"line":434},"52":{"name":"(anonymous_52)","decl":{"start":{"line":434,"column":51},"end":{"line":434,"column":52}},"loc":{"start":{"line":434,"column":73},"end":{"line":434,"column":77}},"line":434},"53":{"name":"editQueuedItem","decl":{"start":{"line":440,"column":9},"end":{"line":440,"column":24}},"loc":{"start":{"line":440,"column":39},"end":{"line":476,"column":null}},"line":440},"54":{"name":"(anonymous_54)","decl":{"start":{"line":453,"column":17},"end":{"line":453,"column":18}},"loc":{"start":{"line":453,"column":22},"end":{"line":453,"column":56}},"line":453},"55":{"name":"(anonymous_55)","decl":{"start":{"line":478,"column":13},"end":{"line":478,"column":19}},"loc":{"start":{"line":478,"column":19},"end":{"line":480,"column":1}},"line":478},"56":{"name":"openImagePreview","decl":{"start":{"line":482,"column":9},"end":{"line":482,"column":26}},"loc":{"start":{"line":482,"column":65},"end":{"line":486,"column":null}},"line":482},"57":{"name":"turnsSemanticKey","decl":{"start":{"line":488,"column":9},"end":{"line":488,"column":26}},"loc":{"start":{"line":488,"column":59},"end":{"line":492,"column":null}},"line":488},"58":{"name":"(anonymous_58)","decl":{"start":{"line":497,"column":2},"end":{"line":497,"column":8}},"loc":{"start":{"line":497,"column":8},"end":{"line":497,"column":null}},"line":497},"59":{"name":"(anonymous_59)","decl":{"start":{"line":498,"column":2},"end":{"line":498,"column":3}},"loc":{"start":{"line":498,"column":20},"end":{"line":518,"column":null}},"line":498},"60":{"name":"(anonymous_60)","decl":{"start":{"line":523,"column":2},"end":{"line":523,"column":8}},"loc":{"start":{"line":523,"column":8},"end":{"line":523,"column":null}},"line":523},"61":{"name":"(anonymous_61)","decl":{"start":{"line":524,"column":2},"end":{"line":524,"column":3}},"loc":{"start":{"line":524,"column":20},"end":{"line":537,"column":null}},"line":524},"62":{"name":"(anonymous_62)","decl":{"start":{"line":542,"column":2},"end":{"line":542,"column":8}},"loc":{"start":{"line":542,"column":8},"end":{"line":542,"column":null}},"line":542},"63":{"name":"(anonymous_63)","decl":{"start":{"line":543,"column":2},"end":{"line":543,"column":8}},"loc":{"start":{"line":543,"column":8},"end":{"line":545,"column":null}},"line":543},"64":{"name":"(anonymous_64)","decl":{"start":{"line":549,"column":30},"end":{"line":549,"column":31}},"loc":{"start":{"line":549,"column":64},"end":{"line":553,"column":1}},"line":549},"65":{"name":"(anonymous_65)","decl":{"start":{"line":555,"column":2},"end":{"line":555,"column":8}},"loc":{"start":{"line":555,"column":8},"end":{"line":555,"column":null}},"line":555},"66":{"name":"(anonymous_66)","decl":{"start":{"line":556,"column":2},"end":{"line":556,"column":3}},"loc":{"start":{"line":556,"column":9},"end":{"line":561,"column":null}},"line":556},"67":{"name":"(anonymous_67)","decl":{"start":{"line":567,"column":2},"end":{"line":567,"column":8}},"loc":{"start":{"line":567,"column":8},"end":{"line":567,"column":null}},"line":567},"68":{"name":"(anonymous_68)","decl":{"start":{"line":568,"column":2},"end":{"line":568,"column":3}},"loc":{"start":{"line":568,"column":11},"end":{"line":572,"column":null}},"line":568},"69":{"name":"addFiles","decl":{"start":{"line":575,"column":9},"end":{"line":575,"column":18}},"loc":{"start":{"line":575,"column":54},"end":{"line":603,"column":null}},"line":575},"70":{"name":"(anonymous_70)","decl":{"start":{"line":579,"column":15},"end":{"line":579,"column":16}},"loc":{"start":{"line":579,"column":25},"end":{"line":597,"column":3}},"line":579},"71":{"name":"(anonymous_71)","decl":{"start":{"line":587,"column":20},"end":{"line":587,"column":26}},"loc":{"start":{"line":587,"column":26},"end":{"line":595,"column":null}},"line":587},"72":{"name":"onPickFiles","decl":{"start":{"line":604,"column":9},"end":{"line":604,"column":21}},"loc":{"start":{"line":604,"column":31},"end":{"line":607,"column":null}},"line":604},"73":{"name":"onPaste","decl":{"start":{"line":608,"column":9},"end":{"line":608,"column":17}},"loc":{"start":{"line":608,"column":36},"end":{"line":628,"column":null}},"line":608},"74":{"name":"(anonymous_74)","decl":{"start":{"line":624,"column":19},"end":{"line":624,"column":20}},"loc":{"start":{"line":624,"column":26},"end":{"line":624,"column":41}},"line":624},"75":{"name":"(anonymous_75)","decl":{"start":{"line":630,"column":33},"end":{"line":630,"column":39}},"loc":{"start":{"line":630,"column":33},"end":{"line":630,"column":59}},"line":630},"76":{"name":"(anonymous_76)","decl":{"start":{"line":631,"column":10},"end":{"line":631,"column":16}},"loc":{"start":{"line":631,"column":16},"end":{"line":643,"column":1}},"line":631},"77":{"name":"(anonymous_77)","decl":{"start":{"line":632,"column":11},"end":{"line":632,"column":17}},"loc":{"start":{"line":632,"column":17},"end":{"line":640,"column":3}},"line":632},"78":{"name":"(anonymous_78)","decl":{"start":{"line":637,"column":50},"end":{"line":637,"column":56}},"loc":{"start":{"line":637,"column":56},"end":{"line":637,"column":66}},"line":637},"79":{"name":"removeAttachment","decl":{"start":{"line":644,"column":9},"end":{"line":644,"column":26}},"loc":{"start":{"line":644,"column":37},"end":{"line":646,"column":null}},"line":644},"80":{"name":"sendMessage","decl":{"start":{"line":648,"column":9},"end":{"line":648,"column":21}},"loc":{"start":{"line":648,"column":92},"end":{"line":659,"column":null}},"line":648},"81":{"name":"sendFromComposer","decl":{"start":{"line":661,"column":9},"end":{"line":661,"column":28}},"loc":{"start":{"line":661,"column":28},"end":{"line":679,"column":null}},"line":661},"82":{"name":"(anonymous_82)","decl":{"start":{"line":669,"column":15},"end":{"line":669,"column":16}},"loc":{"start":{"line":669,"column":20},"end":{"line":669,"column":54}},"line":669},"83":{"name":"onComposerKeydown","decl":{"start":{"line":681,"column":9},"end":{"line":681,"column":27}},"loc":{"start":{"line":681,"column":45},"end":{"line":687,"column":null}},"line":681},"84":{"name":"removeAnnotation","decl":{"start":{"line":689,"column":9},"end":{"line":689,"column":26}},"loc":{"start":{"line":689,"column":37},"end":{"line":691,"column":null}},"line":689},"85":{"name":"(anonymous_85)","decl":{"start":{"line":702,"column":50},"end":{"line":702,"column":56}},"loc":{"start":{"line":702,"column":56},"end":{"line":706,"column":1}},"line":702},"86":{"name":"isActiveTurn","decl":{"start":{"line":708,"column":9},"end":{"line":708,"column":22}},"loc":{"start":{"line":708,"column":42},"end":{"line":710,"column":null}},"line":708},"87":{"name":"isSelected","decl":{"start":{"line":711,"column":9},"end":{"line":711,"column":20}},"loc":{"start":{"line":711,"column":58},"end":{"line":713,"column":null}},"line":711},"88":{"name":"toggle","decl":{"start":{"line":714,"column":9},"end":{"line":714,"column":16}},"loc":{"start":{"line":714,"column":47},"end":{"line":721,"column":null}},"line":714},"89":{"name":"(anonymous_89)","decl":{"start":{"line":717,"column":53},"end":{"line":717,"column":54}},"loc":{"start":{"line":717,"column":60},"end":{"line":717,"column":69}},"line":717},"90":{"name":"isOtherSelected","decl":{"start":{"line":722,"column":9},"end":{"line":722,"column":25}},"loc":{"start":{"line":722,"column":47},"end":{"line":724,"column":null}},"line":722},"91":{"name":"toggleOther","decl":{"start":{"line":726,"column":9},"end":{"line":726,"column":21}},"loc":{"start":{"line":726,"column":39},"end":{"line":728,"column":null}},"line":726},"92":{"name":"otherAnswered","decl":{"start":{"line":730,"column":9},"end":{"line":730,"column":23}},"loc":{"start":{"line":730,"column":50},"end":{"line":732,"column":null}},"line":730},"93":{"name":"answered","decl":{"start":{"line":734,"column":9},"end":{"line":734,"column":18}},"loc":{"start":{"line":734,"column":45},"end":{"line":736,"column":null}},"line":734},"94":{"name":"(anonymous_94)","decl":{"start":{"line":737,"column":30},"end":{"line":737,"column":36}},"loc":{"start":{"line":737,"column":36},"end":{"line":737,"column":72}},"line":737},"95":{"name":"autoPickId","decl":{"start":{"line":742,"column":9},"end":{"line":742,"column":20}},"loc":{"start":{"line":742,"column":46},"end":{"line":745,"column":null}},"line":742},"96":{"name":"(anonymous_96)","decl":{"start":{"line":743,"column":29},"end":{"line":743,"column":30}},"loc":{"start":{"line":743,"column":36},"end":{"line":743,"column":49}},"line":743},"97":{"name":"(anonymous_97)","decl":{"start":{"line":748,"column":32},"end":{"line":748,"column":38}},"loc":{"start":{"line":748,"column":38},"end":{"line":748,"column":109}},"line":748},"98":{"name":"(anonymous_98)","decl":{"start":{"line":748,"column":65},"end":{"line":748,"column":66}},"loc":{"start":{"line":748,"column":72},"end":{"line":748,"column":108}},"line":748},"99":{"name":"(anonymous_99)","decl":{"start":{"line":748,"column":87},"end":{"line":748,"column":88}},"loc":{"start":{"line":748,"column":94},"end":{"line":748,"column":107}},"line":748},"100":{"name":"applyRecommended","decl":{"start":{"line":751,"column":9},"end":{"line":751,"column":28}},"loc":{"start":{"line":751,"column":28},"end":{"line":756,"column":null}},"line":751},"101":{"name":"submitRecommended","decl":{"start":{"line":757,"column":9},"end":{"line":757,"column":29}},"loc":{"start":{"line":757,"column":29},"end":{"line":761,"column":null}},"line":757},"102":{"name":"(anonymous_102)","decl":{"start":{"line":770,"column":2},"end":{"line":770,"column":8}},"loc":{"start":{"line":770,"column":8},"end":{"line":770,"column":null}},"line":770},"103":{"name":"(anonymous_103)","decl":{"start":{"line":770,"column":34},"end":{"line":770,"column":35}},"loc":{"start":{"line":770,"column":41},"end":{"line":770,"column":45}},"line":770},"104":{"name":"(anonymous_104)","decl":{"start":{"line":771,"column":2},"end":{"line":771,"column":3}},"loc":{"start":{"line":771,"column":11},"end":{"line":780,"column":null}},"line":771},"105":{"name":"(anonymous_105)","decl":{"start":{"line":777,"column":33},"end":{"line":777,"column":34}},"loc":{"start":{"line":777,"column":40},"end":{"line":777,"column":53}},"line":777},"106":{"name":"(anonymous_106)","decl":{"start":{"line":782,"column":51},"end":{"line":782,"column":57}},"loc":{"start":{"line":782,"column":57},"end":{"line":782,"column":98}},"line":782},"107":{"name":"(anonymous_107)","decl":{"start":{"line":783,"column":29},"end":{"line":783,"column":35}},"loc":{"start":{"line":783,"column":35},"end":{"line":783,"column":50}},"line":783},"108":{"name":"(anonymous_108)","decl":{"start":{"line":784,"column":28},"end":{"line":784,"column":34}},"loc":{"start":{"line":784,"column":34},"end":{"line":784,"column":80}},"line":784},"109":{"name":"prevCard","decl":{"start":{"line":786,"column":9},"end":{"line":786,"column":20}},"loc":{"start":{"line":786,"column":20},"end":{"line":788,"column":null}},"line":786},"110":{"name":"nextCard","decl":{"start":{"line":789,"column":9},"end":{"line":789,"column":20}},"loc":{"start":{"line":789,"column":20},"end":{"line":791,"column":null}},"line":789},"111":{"name":"pick","decl":{"start":{"line":793,"column":9},"end":{"line":793,"column":14}},"loc":{"start":{"line":793,"column":45},"end":{"line":795,"column":null}},"line":793},"112":{"name":"submitChoices","decl":{"start":{"line":797,"column":9},"end":{"line":797,"column":25}},"loc":{"start":{"line":797,"column":25},"end":{"line":813,"column":null}},"line":797},"113":{"name":"(anonymous_113)","decl":{"start":{"line":801,"column":40},"end":{"line":801,"column":41}},"loc":{"start":{"line":801,"column":47},"end":{"line":806,"column":3}},"line":801},"114":{"name":"(anonymous_114)","decl":{"start":{"line":802,"column":36},"end":{"line":802,"column":37}},"loc":{"start":{"line":802,"column":37},"end":{"line":802,"column":81}},"line":802},"115":{"name":"(anonymous_115)","decl":{"start":{"line":802,"column":87},"end":{"line":802,"column":88}},"loc":{"start":{"line":802,"column":94},"end":{"line":802,"column":101}},"line":802},"116":{"name":"parseChoiceSummary","decl":{"start":{"line":821,"column":9},"end":{"line":821,"column":28}},"loc":{"start":{"line":821,"column":62},"end":{"line":840,"column":null}},"line":821},"117":{"name":"(anonymous_117)","decl":{"start":{"line":835,"column":11},"end":{"line":835,"column":12}},"loc":{"start":{"line":835,"column":18},"end":{"line":835,"column":26}},"line":835},"118":{"name":"choiceRowsForAgentTurn","decl":{"start":{"line":842,"column":9},"end":{"line":842,"column":32}},"loc":{"start":{"line":842,"column":71},"end":{"line":852,"column":null}},"line":842},"119":{"name":"selectedLabelsForQuestion","decl":{"start":{"line":854,"column":9},"end":{"line":854,"column":35}},"loc":{"start":{"line":854,"column":89},"end":{"line":857,"column":null}},"line":854},"120":{"name":"(anonymous_120)","decl":{"start":{"line":856,"column":19},"end":{"line":856,"column":20}},"loc":{"start":{"line":856,"column":26},"end":{"line":856,"column":42}},"line":856},"121":{"name":"selectedDemoForInteractive","decl":{"start":{"line":859,"column":9},"end":{"line":859,"column":36}},"loc":{"start":{"line":859,"column":74},"end":{"line":863,"column":null}},"line":859},"122":{"name":"(anonymous_122)","decl":{"start":{"line":862,"column":24},"end":{"line":862,"column":25}},"loc":{"start":{"line":862,"column":31},"end":{"line":862,"column":77}},"line":862},"123":{"name":"send","decl":{"start":{"line":865,"column":9},"end":{"line":865,"column":16}},"loc":{"start":{"line":865,"column":16},"end":{"line":867,"column":null}},"line":865},"124":{"name":"finishEarly","decl":{"start":{"line":870,"column":9},"end":{"line":870,"column":23}},"loc":{"start":{"line":870,"column":23},"end":{"line":883,"column":null}},"line":870},"125":{"name":"(anonymous_125)","decl":{"start":{"line":885,"column":33},"end":{"line":885,"column":39}},"loc":{"start":{"line":885,"column":39},"end":{"line":888,"column":1}},"line":885},"126":{"name":"cancelReview","decl":{"start":{"line":890,"column":9},"end":{"line":890,"column":24}},"loc":{"start":{"line":890,"column":24},"end":{"line":912,"column":null}},"line":890},"127":{"name":"discardLastQueued","decl":{"start":{"line":918,"column":9},"end":{"line":918,"column":29}},"loc":{"start":{"line":918,"column":29},"end":{"line":924,"column":null}},"line":918},"128":{"name":"forceAuthoritativeIdle","decl":{"start":{"line":932,"column":9},"end":{"line":932,"column":34}},"loc":{"start":{"line":932,"column":34},"end":{"line":951,"column":null}},"line":932},"129":{"name":"settleAfterTurnEnd","decl":{"start":{"line":958,"column":9},"end":{"line":958,"column":30}},"loc":{"start":{"line":958,"column":30},"end":{"line":963,"column":null}},"line":958},"130":{"name":"(anonymous_130)","decl":{"start":{"line":959,"column":24},"end":{"line":959,"column":25}},"loc":{"start":{"line":959,"column":31},"end":{"line":959,"column":36}},"line":959},"131":{"name":"(anonymous_131)","decl":{"start":{"line":960,"column":39},"end":{"line":960,"column":40}},"loc":{"start":{"line":960,"column":46},"end":{"line":960,"column":52}},"line":960},"132":{"name":"applyQueueState","decl":{"start":{"line":971,"column":9},"end":{"line":971,"column":null}},"loc":{"start":{"line":986,"column":2},"end":{"line":1082,"column":null}},"line":986},"133":{"name":"(anonymous_133)","decl":{"start":{"line":996,"column":43},"end":{"line":996,"column":44}},"loc":{"start":{"line":996,"column":51},"end":{"line":1017,"column":5}},"line":996},"134":{"name":"(anonymous_134)","decl":{"start":{"line":1001,"column":28},"end":{"line":1001,"column":29}},"loc":{"start":{"line":1001,"column":35},"end":{"line":1001,"column":46}},"line":1001},"135":{"name":"(anonymous_135)","decl":{"start":{"line":1001,"column":69},"end":{"line":1001,"column":70}},"loc":{"start":{"line":1001,"column":76},"end":{"line":1001,"column":100}},"line":1001},"136":{"name":"(anonymous_136)","decl":{"start":{"line":1002,"column":28},"end":{"line":1002,"column":29}},"loc":{"start":{"line":1002,"column":35},"end":{"line":1002,"column":50}},"line":1002},"137":{"name":"applyReviewFrame","decl":{"start":{"line":1085,"column":9},"end":{"line":1085,"column":26}},"loc":{"start":{"line":1110,"column":3},"end":{"line":1205,"column":null}},"line":1110},"138":{"name":"(anonymous_138)","decl":{"start":{"line":1123,"column":42},"end":{"line":1123,"column":43}},"loc":{"start":{"line":1123,"column":49},"end":{"line":1123,"column":60}},"line":1123},"139":{"name":"(anonymous_139)","decl":{"start":{"line":1126,"column":42},"end":{"line":1126,"column":43}},"loc":{"start":{"line":1126,"column":49},"end":{"line":1126,"column":64}},"line":1126},"140":{"name":"applyAcpEvents","decl":{"start":{"line":1212,"column":9},"end":{"line":1212,"column":24}},"loc":{"start":{"line":1212,"column":82},"end":{"line":1236,"column":null}},"line":1212},"141":{"name":"agentHasMessage","decl":{"start":{"line":1239,"column":9},"end":{"line":1239,"column":25}},"loc":{"start":{"line":1239,"column":50},"end":{"line":1241,"column":null}},"line":1239},"142":{"name":"agentThoughtDisplay","decl":{"start":{"line":1244,"column":9},"end":{"line":1244,"column":29}},"loc":{"start":{"line":1244,"column":66},"end":{"line":1249,"column":null}},"line":1244},"143":{"name":"isThoughtOpen","decl":{"start":{"line":1252,"column":9},"end":{"line":1252,"column":23}},"loc":{"start":{"line":1252,"column":61},"end":{"line":1257,"column":null}},"line":1252},"144":{"name":"onThoughtToggle","decl":{"start":{"line":1259,"column":9},"end":{"line":1259,"column":25}},"loc":{"start":{"line":1259,"column":48},"end":{"line":1262,"column":null}},"line":1259},"145":{"name":"showTurnCompleted","decl":{"start":{"line":1265,"column":9},"end":{"line":1265,"column":27}},"loc":{"start":{"line":1265,"column":52},"end":{"line":1272,"column":null}},"line":1265},"146":{"name":"(anonymous_146)","decl":{"start":{"line":1402,"column":19},"end":{"line":1402,"column":25}},"loc":{"start":{"line":1402,"column":25},"end":{"line":1402,"column":null}},"line":1402}},"branchMap":{"0":{"loc":{"start":{"line":43,"column":2},"end":{"line":43,"column":null}},"type":"if","locations":[{"start":{"line":43,"column":2},"end":{"line":43,"column":null}},{"start":{},"end":{}}],"line":43},"1":{"loc":{"start":{"line":49,"column":2},"end":{"line":49,"column":null}},"type":"if","locations":[{"start":{"line":49,"column":2},"end":{"line":49,"column":null}},{"start":{},"end":{}}],"line":49},"2":{"loc":{"start":{"line":111,"column":43},"end":{"line":111,"column":84}},"type":"binary-expr","locations":[{"start":{"line":111,"column":43},"end":{"line":111,"column":63}},{"start":{"line":111,"column":63},"end":{"line":111,"column":84}}],"line":111},"3":{"loc":{"start":{"line":115,"column":38},"end":{"line":115,"column":55}},"type":"binary-expr","locations":[{"start":{"line":115,"column":38},"end":{"line":115,"column":53}},{"start":{"line":115,"column":53},"end":{"line":115,"column":55}}],"line":115},"4":{"loc":{"start":{"line":118,"column":2},"end":{"line":118,"column":null}},"type":"if","locations":[{"start":{"line":118,"column":2},"end":{"line":118,"column":null}},{"start":{},"end":{}}],"line":118},"5":{"loc":{"start":{"line":119,"column":2},"end":{"line":119,"column":null}},"type
[...]
ndefined:undefined:undefined":161,"s:760:4:766:Infinity":459,"s:761:6:761:Infinity":460,"s:762:6:762:Infinity":461,"s:763:6:763:Infinity":462,"s:764:6:764:Infinity":463,"b:765:6:765:Infinity:undefined:undefined:undefined:undefined":162,"s:765:6:765:Infinity":464,"s:765:28:765:Infinity":465,"s:768:4:768:Infinity":466,"b:768:23:768:37:768:37:768:38":163,"f:772:9:772:19":78,"b:773:2:780:Infinity:undefined:undefined:undefined:undefined":164,"s:773:2:780:Infinity":467,"s:774:4:778:Infinity":468,"s:775:6:775:Infinity":469,"s:779:4:779:Infinity":470,"f:783:9:783:29":79,"b:784:2:787:Infinity:undefined:undefined:undefined:undefined":165,"s:784:2:787:Infinity":471,"s:785:4:785:Infinity":472,"s:786:4:786:Infinity":473,"f:790:9:790:27":80,"s:791:2:791:Infinity":474,"s:792:2:796:Infinity":475,"f:792:33:792:39":81,"b:793:4:793:Infinity:undefined:undefined:undefined:undefined":166,"s:793:4:793:Infinity":476,"s:793:25:793:Infinity":477,"b:794:4:794:Infinity:undefined:undefined:undefined:undefined":167,"s:794:4:794:Infinity":478,"s:794:21:794:Infinity":479,"s:795:4:795:Infinity":480,"f:799:9:799:26":82,"s:800:2:800:Infinity":481,"s:801:2:801:Infinity":482,"s:802:2:802:Infinity":483,"s:803:2:803:Infinity":484,"b:804:2:807:Infinity:undefined:undefined:undefined:undefined":168,"s:804:2:807:Infinity":485,"s:805:4:805:Infinity":486,"s:806:4:806:Infinity":487,"s:808:2:808:Infinity":488,"s:809:2:809:Infinity":489,"s:810:2:810:Infinity":490,"s:811:2:811:Infinity":491,"s:812:2:812:Infinity":492,"s:813:2:813:Infinity":493,"s:814:2:814:Infinity":494,"s:815:2:815:Infinity":495,"f:818:9:818:27":83,"s:819:2:819:Infinity":496,"f:819:38:819:39":84,"s:819:46:819:84":497,"b:819:61:819:82:819:82:819:84":169,"f:822:15:822:30":85,"b:823:2:823:Infinity:undefined:undefined:undefined:undefined":170,"s:823:2:823:Infinity":498,"b:823:6:823:25:823:25:823:31":171,"s:823:31:823:Infinity":499,"s:824:2:834:Infinity":500,"s:825:16:828:Infinity":501,"s:829:4:829:Infinity":502,"b:829:37:829:51:829:51:829:61":172,"b:829:71:829:87:829:87:829:92":173,"s:832:4:832:Infinity":503,"s:833:4:833:Infinity":504,"b:833:23:833:37:833:37:833:38":174,"f:837:15:837:28":86,"b:838:2:838:Infinity:undefined:undefined:undefined:undefined":175,"s:838:2:838:Infinity":505,"b:838:6:838:25:838:25:838:31":176,"s:838:31:838:Infinity":506,"s:839:2:845:Infinity":507,"s:840:16:840:Infinity":508,"s:841:4:841:Infinity":509,"b:841:37:841:51:841:51:841:57":177,"s:843:4:843:Infinity":510,"s:844:4:844:Infinity":511,"b:844:23:844:37:844:37:844:38":178,"f:851:15:851:24":87,"b:852:2:852:Infinity:undefined:undefined:undefined:undefined":179,"s:852:2:852:Infinity":512,"s:852:18:852:Infinity":513,"s:853:2:853:Infinity":514,"s:854:14:854:Infinity":515,"s:855:2:855:Infinity":516,"s:856:2:856:Infinity":517,"b:857:2:860:Infinity:undefined:undefined:undefined:undefined":180,"s:857:2:860:Infinity":518,"s:858:4:858:Infinity":519,"s:859:4:859:Infinity":520,"s:861:2:861:Infinity":521,"s:862:2:862:Infinity":522,"s:863:2:863:Infinity":523,"s:864:2:864:Infinity":524,"s:865:2:865:Infinity":525,"b:866:2:868:Infinity:undefined:undefined:undefined:undefined":181,"s:866:2:868:Infinity":526,"s:867:4:867:Infinity":527,"s:869:2:869:Infinity":528,"s:870:2:870:Infinity":529,"f:873:15:873:29":88,"b:874:2:877:Infinity:undefined:undefined:undefined:undefined":182,"s:874:2:877:Infinity":530,"s:876:4:876:Infinity":531,"b:878:2:878:Infinity:undefined:undefined:undefined:undefined":183,"s:878:2:878:Infinity":532,"s:878:23:878:Infinity":533,"b:879:2:879:Infinity:undefined:undefined:undefined:undefined":184,"s:879:2:879:Infinity":534,"s:879:23:879:Infinity":535,"s:880:14:882:Infinity":536,"b:883:2:883:Infinity:undefined:undefined:undefined:undefined":185,"s:883:2:883:Infinity":537,"s:883:23:883:Infinity":538,"s:884:2:884:Infinity":539,"s:885:2:885:Infinity":540,"s:886:2:886:Infinity":541,"s:887:2:887:Infinity":542,"b:887:9:887:25:887:25:887:Infinity":186,"s:890:14:890:Infinity":543,"f:890:14:890:15":89,"s:890:30:890:Infinity":544,"f:890:42:890:43":90,"s:890:49:890:66":545,"f:892:15:892:25":91,"s:893:2:900:Infinity":546,"s:893:15:893:18":547,"b:894:4:894:Infinity:undefined:undefined:undefined:undefined":187,"s:894:4:894:Infinity":548,"s:894:25:894:Infinity":549,"s:895:14:895:Infinity":550,"b:896:4:896:Infinity:undefined:undefined:undefined:undefined":188,"s:896:4:896:Infinity":551,"s:896:25:896:Infinity":552,"b:897:4:897:Infinity:undefined:undefined:undefined:undefined":189,"s:897:4:897:Infinity":553,"s:897:32:897:Infinity":554,"b:898:4:898:Infinity:undefined:undefined:undefined:undefined":190,"s:898:4:898:Infinity":555,"s:898:30:898:Infinity":556,"b:898:60:898:71:898:71:898:86":191,"s:899:4:899:Infinity":557,"s:901:2:901:Infinity":558,"f:904:9:904:20":92,"b:905:2:905:Infinity:undefined:undefined:undefined:undefined":192,"s:905:2:905:Infinity":559,"s:905:44:905:Infinity":560,"b:906:2:908:Infinity:undefined:undefined:undefined:undefined":193,"s:906:2:908:Infinity":561,"b:906:6:906:49:906:49:906:89":194,"s:907:4:907:Infinity":562,"s:909:2:935:Infinity":563,"f:909:21:909:22":93,"s:910:18:913:Infinity":564,"f:910:29:910:35":94,"s:911:6:911:Infinity":565,"s:912:6:912:Infinity":566,"s:914:19:917:Infinity":567,"f:914:19:914:25":95,"s:915:6:915:Infinity":568,"s:916:6:916:Infinity":569,"s:918:18:921:Infinity":570,"f:918:18:918:24":96,"s:919:6:919:Infinity":571,"s:920:6:920:Infinity":572,"s:922:20:925:Infinity":573,"f:922:20:922:26":97,"s:923:6:923:Infinity":574,"s:924:6:924:Infinity":575,"s:926:20:931:Infinity":576,"f:926:20:926:26":98,"s:927:6:927:Infinity":577,"s:928:6:928:Infinity":578,"s:929:6:929:Infinity":579,"s:930:6:930:Infinity":580,"s:932:4:932:Infinity":581,"s:933:4:933:Infinity":582,"s:934:4:934:Infinity":583,"f:938:15:938:22":99,"s:939:2:939:Infinity":584,"b:940:2:940:Infinity:undefined:undefined:undefined:undefined":195,"s:940:2:940:Infinity":585,"s:940:23:940:Infinity":586,"s:941:17:941:Infinity":587,"s:942:2:942:Infinity":588,"s:943:2:973:Infinity":589,"f:943:21:943:22":100,"s:945:4:949:Infinity":590,"s:946:6:946:Infinity":591,"s:948:6:948:Infinity":592,"b:951:4:954:Infinity:undefined:undefined:undefined:undefined":196,"s:951:4:954:Infinity":593,"b:952:6:952:Infinity:undefined:undefined:undefined:undefined":197,"s:952:6:952:Infinity":594,"s:952:61:952:Infinity":595,"s:953:6:953:Infinity":596,"b:955:4:972:Infinity:957:4:972:Infinity":198,"s:955:4:972:Infinity":597,"b:955:8:955:30:955:30:955:40":199,"s:956:6:956:Infinity":598,"b:957:4:972:Infinity:967:4:972:Infinity":200,"s:957:4:972:Infinity":599,"b:959:6:961:Infinity:undefined:undefined:undefined:undefined":201,"s:959:6:961:Infinity":600,"s:960:8:960:Infinity":601,"b:962:6:964:Infinity:undefined:undefined:undefined:undefined":202,"s:962:6:964:Infinity":602,"s:963:8:963:Infinity":603,"b:965:6:965:Infinity:undefined:undefined:undefined:undefined":203,"s:965:6:965:Infinity":604,"s:965:25:965:Infinity":605,"s:966:6:966:Infinity":606,"b:967:4:972:Infinity:969:4:972:Infinity":204,"s:967:4:972:Infinity":607,"s:968:6:968:Infinity":608,"b:969:4:972:Infinity:undefined:undefined:undefined:undefined":205,"s:969:4:972:Infinity":609,"s:970:12:970:Infinity":610,"b:970:49:970:64:970:64:970:Infinity":206,"s:971:6:971:Infinity":611,"b:971:36:971:49:971:49:971:64:971:64:971:71":207,"s:974:2:978:Infinity":612,"f:974:19:974:25":101,"b:975:4:977:Infinity:undefined:undefined:undefined:undefined":208,"s:975:4:977:Infinity":613,"b:975:8:975:23:975:23:975:37:975:37:975:55":209,"s:976:6:976:Infinity":614,"s:979:2:982:Infinity":615,"f:979:19:979:25":102,"b:980:4:980:Infinity:undefined:undefined:undefined:undefined":210,"s:980:4:980:Infinity":616,"s:980:23:980:Infinity":617,"s:983:2:983:Infinity":618,"f:986:9:986:19":103,"b:987:2:987:Infinity:undefined:undefined:undefined:undefined":211,"s:987:2:987:Infinity":619,"s:987:23:987:Infinity":620,"s:988:8:988:Infinity":621,"b:989:2:989:Infinity:undefined:undefined:undefined:undefined":212,"s:989:2:989:Infinity":622,"s:989:20:989:Infinity":623,"s:990:2:990:Infinity":624,"s:991:2:991:Infinity":625,"f:991:23:991:29":104,"s:991:29:991:43":626,"f:994:9:994:33":105,"s:995:2:995:Infinity":627,"s:996:2:996:Infinity":628,"s:997:2:997:Infinity":629,"s:998:2:998:Infinity":630,"s:999:2:999:Infinity":631,"f:1002:15:1002:38":106,"b:1003:2:1003:Infinity:undefined:undefined:undefined:undefined":213,"s:1003:2:1003:Infinity":632,"s:1003:23:1003:Infinity":633,"s:1004:2:1004:Infinity":634,"s:1005:14:1005:Infinity":635,"s:1006:14:1006:Infinity":636,"s:1007:2:1032:Infinity":637,"s:1008:20:1008:Infinity":638,"f:1008:55:1008:56":107,"s:1008:62:1008:74":639,"s:1010:16:1012:Infinity":640,"b:1011:8:1011:Infinity:1012:8:1012:Infinity":214,"b:1013:4:1013:Infinity:undefined:undefined:undefined:undefined":215,"s:1013:4:1013:Infinity":641,"b:1013:8:1013:33:1013:33:1013:57":216,"s:1013:57:1013:Infinity":642,"s:1014:21:1014:Infinity":643,"b:1014:21:1014:34:1014:34:1014:Infinity":217,"s:1015:4:1017:Infinity":644,"b:1016:8:1016:Infinity:1017:8:1017:Infinity":218,"b:1018:4:1021:Infinity:undefined:undefined:undefined:undefined":219,"s:1018:4:1021:Infinity":645,"b:1018:8:1018:20:1018:20:1018:56:1018:56:1018:92":220,"s:1020:6:1020:Infinity":646,"s:1022:16:1022:Infinity":647,"b:1023:4:1023:Infinity:undefined:undefined:undefined:undefined":221,"s:1023:4:1023:Infinity":648,"b:1023:8:1023:33:1023:33:1023:57":222,"s:1023:57:1023:Infinity":649,"s:1024:4:1024:Infinity":650,"b:1024:20:1024:33:1024:33:1024:Infinity":223,"s:1025:4:1025:Infinity":651,"s:1026:4:1026:Infinity":652,"s:1027:4:1027:Infinity":653,"b:1029:4:1029:Infinity:undefined:undefined:undefined:undefined":224,"s:1029:4:1029:Infinity":654,"b:1029:8:1029:33:1029:33:1029:57":225,"s:1029:57:1029:Infinity":655,"s:1030:4:1030:Infinity":656,"s:1031:4:1031:Infinity":657,"f:1038:15:1038:28":108,"b:1039:2:1047:Infinity:undefined:undefined:undefined:undefined":226,"s:1039:2:1047:Infinity":658,"b:1039:6:1039:25:1039:25:1039:37":227,"s:1040:4:1040:Infinity":659,"s:1041:4:1041:Infinity":660,"s:1042:4:1042:Infinity":661,"s:1043:4:1043:Infinity":662,"s:1044:4:1044:Infinity":663,"s:1045:4:1045:Infinity":664,"s:1046:4:1046:Infinity":665,"s:1048:2:1048:Infinity":666,"s:1049:2:1049:Infinity":667,"s:1050:2:1050:Infinity":668,"s:1051:2:1051:Infinity":669,"s:1052:2:1052:Infinity":670,"s:1053:2:1053:Infinity":671,"s:1054:6:1054:Infinity":672,"s:1055:2:1055:Infinity":673,"b:1056:2:1059:Infinity:undefined:undefined:undefined:undefined":228,"s:1056:2:1059:Infinity":674,"s:1057:4:1057:Infinity":675,"s:1058:4:1058:Infinity":676,"s:1060:2:1060:Infinity":677,"f:1063:15:1063:27":109,"b:1064:2:1064:Infinity:undefined:undefined:undefined:undefined":229,"s:1064:2:1064:Infinity":678,"s:1064:18:1064:Infinity":679,"s:1066:2:1066:Infinity":680,"s:1067:2:1067:Infinity":681,"s:1068:2:1068:Infinity":682,"s:1069:2:1069:Infinity":683,"s:1070:2:1070:Infinity":684,"s:1071:2:1071:Infinity":685,"s:1072:2:1072:Infinity":686,"s:1073:2:1073:Infinity":687,"s:1074:14:1074:Infinity":688,"b:1075:2:1104:Infinity:1102:2:1104:Infinity":230,"s:1075:2:1104:Infinity":689,"s:1076:16:1076:Infinity":690,"s:1077:16:1077:Infinity":691,"s:1078:4:1101:Infinity":692,"s:1079:22:1079:Infinity":693,"f:1079:57:1079:58":110,"s:1079:64:1079:76":694,"s:1080:18:1082:Infinity":695,"b:1081:10:1081:Infinity:1082:10:1082:Infinity":231,"b:1083:6:1091:Infinity:undefined:undefined:undefined:undefined":232,"s:1083:6:1091:Infinity":696,"b:1083:10:1083:35:1083:35:1083:59":233,"s:1084:25:1084:Infinity":697,"b:1084:25:1084:38:1084:38:1084:Infinity":234,"s:1085:8:1087:Infinity":698,"b:1086:12:1086:Infinity:1087:12:1087:Infinity":235,"b:1088:8:1090:Infinity:undefined:undefined:undefined:undefined":236,"s:1088:8:1090:Infinity":699,"b:1088:12:1088:24:1088:24:1088:60:1088:60:1088:96":237,"s:1089:10:1089:Infinity":700,"b:1093:6:1098:Infinity:undefined:undefined:undefined:undefined":238,"s:1093:6:1098:Infinity":701,"s:1094:21:1094:Infinity":702,"f:1094:41:1094:42":111,"s:1094:48:1094:60":703,"b:1095:8:1097:Infinity:undefined:undefined:undefined:undefined":239,"s:1095:8:1097:Infinity":704,"b:1095:12:1095:20:1095:20:1095:46":240,"s:1096:10:1096:Infinity":705,"b:1100:6:1100:Infinity:undefined:undefined:undefined:undefined":241,"s:1100:6:1100:Infinity":706,"s:1100:15:1100:Infinity":707,"b:1102:2:1104:Infinity:undefined:undefined:undefined:undefined":242,"s:1102:2:1104:Infinity":708,"s:1103:4:1103:Infinity":709,"s:1105:2:1105:Infinity":710,"b:1106:2:1106:Infinity:undefined:undefined:undefined:undefined":243,"s:1106:2:1106:Infinity":711,"b:1106:6:1106:16:1106:16:1106:36":244,"s:1106:36:1106:Infinity":712,"s:1107:2:1107:Infinity":713,"s:1108:2:1108:Infinity":714,"f:1115:15:1115:Infinity":112,"s:1121:14:1121:Infinity":715,"b:1121:14:1121:29:1121:29:1121:Infinity":245,"s:1122:2:1122:Infinity":716,"s:1123:2:1123:Infinity":717,"s:1124:2:1124:Infinity":718,"s:1125:2:1125:Infinity":719,"s:1126:2:1126:Infinity":720,"s:1127:2:1127:Infinity":721,"s:1129:2:1129:Infinity":722,"s:1130:2:1130:Infinity":723,"s:1131:17:1131:Infinity":724,"s:1133:2:1164:Infinity":725,"s:1134:21:1134:Infinity":726,"b:1135:4:1135:Infinity:undefined:undefined:undefined:undefined":246,"s:1135:4:1135:Infinity":727,"b:1135:8:1135:27:1135:27:1135:46:1135:46:1135:58":247,"s:1135:58:1135:Infinity":728,"s:1137:4:1137:Infinity":729,"s:1138:19:1140:Infinity":730,"b:1139:8:1139:Infinity:1140:8:1140:Infinity":248,"b:1139:31:1139:42:1139:42:1139:80":249,"b:1140:8:1140:19:1140:19:1140:Infinity":250,"b:1141:4:1143:Infinity:undefined:undefined:undefined:undefined":251,"s:1141:4:1143:Infinity":731,"b:1141:8:1141:15:1141:15:1141:49":252,"s:1142:6:1142:Infinity":732,"s:1144:4:1152:Infinity":733,"f:1148:25:1148:26":113,"s:1148:33:1148:72":734,"b:1154:4:1154:Infinity:undefined:undefined:undefined:undefined":253,"s:1154:4:1154:Infinity":735,"b:1154:8:1154:27:1154:27:1154:39":254,"s:1154:39:1154:Infinity":736,"b:1155:4:1158:Infinity:undefined:undefined:undefined:undefined":255,"s:1155:4:1158:Infinity":737,"b:1155:8:1155:36:1155:36:1155:53":256,"b:1156:6:1156:Infinity:undefined:undefined:undefined:undefined":257,"s:1156:6:1156:Infinity":738,"s:1156:23:1156:Infinity":739,"s:1157:6:1157:Infinity":740,"s:1159:4:1159:Infinity":741,"s:1160:19:1160:Infinity":742,"b:1160:26:1160:40:1160:40:1160:41":258,"b:1161:4:1161:Infinity:undefined:undefined:undefined:undefined":259,"s:1161:4:1161:Infinity":743,"b:1161:8:1161:18:1161:18:1161:48":260,"s:1161:48:1161:Infinity":744,"b:1163:4:1163:Infinity:undefined:undefined:undefined:undefined":261,"s:1163:4:1163:Infinity":745,"s:1163:39:1163:Infinity":746,"f:1171:15:1171:20":114,"s:1172:20:1172:Infinity":747,"s:1173:8:1173:Infinity":748,"b:1173:19:1173:27:1173:27:1173:40":262,"s:1175:4:1177:Infinity":749,"b:1176:8:1176:Infinity:1177:8:1177:Infinity":263,"b:1178:2:1178:Infinity:undefined:undefined:undefined:undefined":264,"s:1178:2:1178:Infinity":750,"b:1178:7:1178:19:1178:19:1178:41:1178:41:1178:53":265,"s:1178:53:1178:Infinity":751,"b:1179:2:1179:Infinity:undefined:undefined:undefined:undefined":266,"s:1179:2:1179:Infinity":752,"s:1179:29:1179:Infinity":753,"b:1180:2:1183:Infinity:undefined:undefined:undefined:undefined":267,"s:1180:2:1183:Infinity":754,"s:1181:4:1181:Infinity":755,"s:1182:4:1182:Infinity":756,"b:1184:2:1184:Infinity:undefined:undefined:undefined:undefined":268,"s:1184:2:1184:Infinity":757,"s:1184:34:1184:Infinity":758,"b:1185:2:1186:Infinity:1186:7:1186:Infinity":269,"s:1185:2:1186:Infinity":759,"s:1185:36:1185:Infinity":760,"s:1186:7:1186:Infinity":761,"s:1188:14:1188:Infinity":762,"s:1189:2:1189:Infinity":763,"s:1190:2:1190:Infinity":764,"s:1191:2:1191:Infinity":765,"s:1192:2:1192:Infinity":766,"s:1193:2:1193:Infinity":767,"s:1194:2:1194:Infinity":768,"b:1195:2:1195:Infinity:undefined:undefined:undefined:undefined":270,"s:1195:2:1195:Infinity":769,"s:1195:17:1195:Infinity":770,"s:1196:2:1236:Infinity":771,"b:1198:4:1198:Infinity:undefined:undefined:undefined:undefined":271,"s:1198:4:1198:Infinity":772,"s:1198:25:1198:Infinity":773,"b:1199:4:1205:Infinity:undefined:undefined:undefined:undefined":272,"s:1199:4:1205:Infinity":774,"b:1199:8:1199:27:1199:27:1199:46:1199:46:1199:58":273,"s:1201:6:1201:Infinity":775,"s:1202:6:1202:Infinity":776,"s:1203:6:1203:Infinity":777,"s:1204:6:1204:Infinity":778,"b:1206:4:1206:Infinity:undefined:undefined:undefined:undefined":274,"s:1206:4:1206:Infinity":779,"s:1206:25:1206:Infinity":780,"s:1207:20:1211:Infinity":781,"b:1210:28:1210:35:1210:35:1210:Infinity":275,"s:1212:4:1212:Infinity":782,"s:1213:4:1213:Infinity":783,"s:1214:4:1214:Infinity":784,"s:1215:4:1215:Infinity":785,"b:1216:4:1227:Infinity:undefined:undefined:undefined:undefined":276,"s:1216:4:1227:Infinity":786,"b:1216:8:1216:27:1216:27:1216:46:1216:46:1216:58":277,"s:1218:6:1218:Infinity":787,"b:1219:6:1225:Infinity:1223:13:1225:Infinity":278,"s:1219:6:1225:Infinity":788,"s:1220:8:1220:Infinity":789,"s:1221:8:1221:Infinity":790,"s:1222:8:1222:Infinity":791,"s:1224:8:1224:Infinity":792,"s:1226:6:1226:Infinity":793,"s:1228:4:1228:Infinity":794,"s:1230:4:1230:Infinity":795,"s:1231:4:1231:Infinity":796,"s:1232:4:1232:Infinity":797,"b:1233:4:1233:Infinity:undefined:undefined:undefined:undefined":279,"s:1233:4:1233:Infinity":798,"s:1233:19:1233:Infinity":799,"b:1234:4:1234:Infinity:undefined:undefined:undefined:undefined":280,"s:1234:4:1234:Infinity":800,"s:1234:21:1234:Infinity":801,"s:1235:4:1235:Infinity":802,"b:1235:23:1235:37:1235:37:1235:38":281,"f:1239:9:1239:16":115,"b:1240:2:1240:Infinity:undefined:undefined:undefined:undefined":282,"s:1240:2:1240:Infinity":803,"s:1240:19:1240:Infinity":804,"s:1241:2:1241:Infinity":805,"s:1242:2:1242:Infinity":806,"b:1243:2:1246:Infinity:undefined:undefined:undefined:undefined":283,"s:1243:2:1246:Infinity":807,"s:1244:4:1244:Infinity":808,"s:1245:4:1245:Infinity":809,"b:1247:2:1253:Infinity:undefined:undefined:undefined:undefined":284,"s:1247:2:1253:Infinity":810,"b:1247:6:1247:12:1247:12:1247:46":285,"s:1248:4:1252:Infinity":811,"s:1249:6:1249:Infinity":812,"s:1254:2:1254:Infinity":813,"s:1255:2:1255:Infinity":814,"s:1256:2:1256:Infinity":815,"f:1260:15:1260:25":116,"b:1261:2:1261:Infinity:undefined:undefined:undefined:undefined":286,"s:1261:2:1261:Infinity":816,"s:1261:18:1261:Infinity":817,"s:1262:18:1262:Infinity":818,"f:1262:38:1262:39":117,"s:1262:45:1262:88":819,"b:1262:45:1262:71:1262:71:1262:88":287,"b:1263:2:1263:Infinity:undefined:undefined:undefined:undefined":288,"s:1263:2:1263:Infinity":820,"s:1263:16:1263:Infinity":821,"s:1265:14:1265:Infinity":822,"s:1266:2:1266:Infinity":823,"s:1267:2:1267:Infinity":824,"s:1268:2:1268:Infinity":825,"s:1269:2:1269:Infinity":826,"s:1270:2:1270:Infinity":827,"s:1271:2:1271:Infinity":828,"s:1272:2:1272:Infinity":829,"s:1273:2:1289:Infinity":830,"s:1274:4:1274:Infinity":831,"b:1275:4:1280:Infinity:undefined:undefined:undefined:undefined":289,"s:1275:4:1280:Infinity":832,"b:1275:8:1275:27:1275:27:1275:46:1275:46:1275:58":290,"s:1276:6:1276:Infinity":833,"s:1277:6:1277:Infinity":834,"s:1278:6:1278:Infinity":835,"s:1279:6:1279:Infinity":836,"s:1281:10:1281:Infinity":837,"b:1281:21:1281:40:1281:40:1281:44":291,"s:1282:17:1282:Infinity":838,"b:1282:17:1282:44:1282:44:1282:Infinity":292,"s:1283:4:1283:Infinity":839,"s:1285:4:1285:Infinity":840,"s:1286:4:1286:Infinity":841,"s:1287:4:1287:Infinity":842,"s:1288:4:1288:Infinity":843,"b:1288:23:1288:37:1288:37:1288:38":293,"s:1292:0:1294:Infinity":844,"f:1292:16:1292:22":118,"s:1293:2:1293:Infinity":845,"s:1296:0:1307:Infinity":846,"f:1297:2:1297:8":119,"s:1297:8:1297:Infinity":847,"f:1298:2:1298:8":120,"s:1299:4:1299:Infinity":848,"s:1300:4:1300:Infinity":849,"s:1301:4:1301:Infinity":850,"s:1302:4:1302:Infinity":851,"s:1303:4:1303:Infinity":852,"s:1304:4:1304:Infinity":853,"s:1305:4:1305:Infinity":854,"s:1309:0:1311:Infinity":855,"f:1309:10:1309:16":121,"s:1310:2:1310:Infinity":856,"f:1310:26:1310:32":122,"s:1310:32:1310:56":857,"s:1312:0:1317:Infinity":858,"f:1312:16:1312:22":123,"s:1313:2:1313:Infinity":859,"s:1314:2:1314:Infinity":860,"s:1315:2:1315:Infinity":861,"s:1316:2:1316:Infinity":862,"s:1319:2:1460:Infinity":863},"fnNames":{}}}
}
